{"D:\\Final-Project-BE\\app\\controllers\\index.js": {"path":"D:\\Final-Project-BE\\app\\controllers\\index.js","all":false,"statementMap":{"0":{"start":{"line":1,"column":0},"end":{"line":1,"column":3}},"1":{"start":{"line":2,"column":0},"end":{"line":2,"column":51}},"2":{"start":{"line":3,"column":0},"end":{"line":3,"column":36}},"3":{"start":{"line":4,"column":0},"end":{"line":4,"column":3}},"4":{"start":{"line":5,"column":0},"end":{"line":5,"column":0}},"5":{"start":{"line":6,"column":0},"end":{"line":6,"column":29}},"6":{"start":{"line":7,"column":0},"end":{"line":7,"column":0}},"7":{"start":{"line":8,"column":0},"end":{"line":8,"column":18}},"8":{"start":{"line":9,"column":0},"end":{"line":9,"column":6}},"9":{"start":{"line":10,"column":0},"end":{"line":10,"column":2}}},"s":{"0":1,"1":1,"2":1,"3":1,"4":1,"5":1,"6":1,"7":1,"8":1,"9":1},"branchMap":{},"b":{},"fnMap":{},"f":{}}
,"D:\\Final-Project-BE\\app\\controllers\\api\\index.js": {"path":"D:\\Final-Project-BE\\app\\controllers\\api\\index.js","all":false,"statementMap":{"0":{"start":{"line":1,"column":0},"end":{"line":1,"column":3}},"1":{"start":{"line":2,"column":0},"end":{"line":2,"column":55}},"2":{"start":{"line":3,"column":0},"end":{"line":3,"column":36}},"3":{"start":{"line":4,"column":0},"end":{"line":4,"column":3}},"4":{"start":{"line":5,"column":0},"end":{"line":5,"column":0}},"5":{"start":{"line":6,"column":0},"end":{"line":6,"column":31}},"6":{"start":{"line":7,"column":0},"end":{"line":7,"column":27}},"7":{"start":{"line":8,"column":0},"end":{"line":8,"column":0}},"8":{"start":{"line":9,"column":0},"end":{"line":9,"column":18}},"9":{"start":{"line":10,"column":0},"end":{"line":10,"column":7}},"10":{"start":{"line":11,"column":0},"end":{"line":11,"column":5}},"11":{"start":{"line":12,"column":0},"end":{"line":12,"column":2}}},"s":{"0":1,"1":1,"2":1,"3":1,"4":1,"5":1,"6":1,"7":1,"8":1,"9":1,"10":1,"11":1},"branchMap":{},"b":{},"fnMap":{},"f":{}}
,"D:\\Final-Project-BE\\app\\controllers\\api\\main.js": {"path":"D:\\Final-Project-BE\\app\\controllers\\api\\main.js","all":false,"statementMap":{"0":{"start":{"line":1,"column":0},"end":{"line":1,"column":3}},"1":{"start":{"line":2,"column":0},"end":{"line":2,"column":54}},"2":{"start":{"line":3,"column":0},"end":{"line":3,"column":36}},"3":{"start":{"line":4,"column":0},"end":{"line":4,"column":3}},"4":{"start":{"line":5,"column":0},"end":{"line":5,"column":0}},"5":{"start":{"line":6,"column":0},"end":{"line":6,"column":18}},"6":{"start":{"line":7,"column":0},"end":{"line":7,"column":20}},"7":{"start":{"line":8,"column":0},"end":{"line":8,"column":26}},"8":{"start":{"line":9,"column":0},"end":{"line":9,"column":21}},"9":{"start":{"line":10,"column":0},"end":{"line":10,"column":34}},"10":{"start":{"line":11,"column":0},"end":{"line":11,"column":7}},"11":{"start":{"line":12,"column":0},"end":{"line":12,"column":4}},"12":{"start":{"line":13,"column":0},"end":{"line":13,"column":0}},"13":{"start":{"line":14,"column":0},"end":{"line":14,"column":32}},"14":{"start":{"line":15,"column":0},"end":{"line":15,"column":26}},"15":{"start":{"line":16,"column":0},"end":{"line":16,"column":22}},"16":{"start":{"line":17,"column":0},"end":{"line":17,"column":14}},"17":{"start":{"line":18,"column":0},"end":{"line":18,"column":23}},"18":{"start":{"line":19,"column":0},"end":{"line":19,"column":29}},"19":{"start":{"line":20,"column":0},"end":{"line":20,"column":8}},"20":{"start":{"line":21,"column":0},"end":{"line":21,"column":7}},"21":{"start":{"line":22,"column":0},"end":{"line":22,"column":4}},"22":{"start":{"line":23,"column":0},"end":{"line":23,"column":2}}},"s":{"0":1,"1":1,"2":1,"3":1,"4":1,"5":1,"6":1,"7":0,"8":0,"9":0,"10":0,"11":1,"12":1,"13":1,"14":0,"15":0,"16":0,"17":0,"18":0,"19":0,"20":0,"21":0,"22":1},"branchMap":{},"b":{},"fnMap":{"0":{"name":"onLost","decl":{"start":{"line":7,"column":2},"end":{"line":12,"column":3}},"loc":{"start":{"line":7,"column":2},"end":{"line":12,"column":3}},"line":7},"1":{"name":"onError","decl":{"start":{"line":14,"column":2},"end":{"line":22,"column":4}},"loc":{"start":{"line":14,"column":2},"end":{"line":22,"column":4}},"line":14}},"f":{"0":0,"1":0}}
,"D:\\Final-Project-BE\\app\\controllers\\api\\v1\\UserController.js": {"path":"D:\\Final-Project-BE\\app\\controllers\\api\\v1\\UserController.js","all":false,"statementMap":{"0":{"start":{"line":1,"column":0},"end":{"line":1,"column":3}},"1":{"start":{"line":2,"column":0},"end":{"line":2,"column":71}},"2":{"start":{"line":3,"column":0},"end":{"line":3,"column":36}},"3":{"start":{"line":4,"column":0},"end":{"line":4,"column":3}},"4":{"start":{"line":5,"column":0},"end":{"line":5,"column":0}},"5":{"start":{"line":6,"column":0},"end":{"line":6,"column":35}},"6":{"start":{"line":7,"column":0},"end":{"line":7,"column":36}},"7":{"start":{"line":8,"column":0},"end":{"line":8,"column":56}},"8":{"start":{"line":9,"column":0},"end":{"line":9,"column":72}},"9":{"start":{"line":10,"column":0},"end":{"line":10,"column":60}},"10":{"start":{"line":11,"column":0},"end":{"line":11,"column":16}},"11":{"start":{"line":12,"column":0},"end":{"line":12,"column":0}},"12":{"start":{"line":13,"column":0},"end":{"line":13,"column":34}},"13":{"start":{"line":14,"column":0},"end":{"line":14,"column":19}},"14":{"start":{"line":15,"column":0},"end":{"line":15,"column":16}},"15":{"start":{"line":16,"column":0},"end":{"line":16,"column":22}},"16":{"start":{"line":17,"column":0},"end":{"line":17,"column":4}},"17":{"start":{"line":18,"column":0},"end":{"line":18,"column":0}},"18":{"start":{"line":19,"column":0},"end":{"line":19,"column":71}},"19":{"start":{"line":20,"column":0},"end":{"line":20,"column":1}},"20":{"start":{"line":21,"column":0},"end":{"line":21,"column":0}},"21":{"start":{"line":22,"column":0},"end":{"line":22,"column":52}},"22":{"start":{"line":23,"column":0},"end":{"line":23,"column":36}},"23":{"start":{"line":24,"column":0},"end":{"line":24,"column":7}},"24":{"start":{"line":25,"column":0},"end":{"line":25,"column":45}},"25":{"start":{"line":26,"column":0},"end":{"line":26,"column":63}},"26":{"start":{"line":27,"column":0},"end":{"line":27,"column":20}},"27":{"start":{"line":28,"column":0},"end":{"line":28,"column":22}},"28":{"start":{"line":29,"column":0},"end":{"line":29,"column":17}},"29":{"start":{"line":30,"column":0},"end":{"line":30,"column":9}},"30":{"start":{"line":31,"column":0},"end":{"line":31,"column":0}},"31":{"start":{"line":32,"column":0},"end":{"line":32,"column":35}},"32":{"start":{"line":33,"column":0},"end":{"line":33,"column":9}},"33":{"start":{"line":34,"column":0},"end":{"line":34,"column":7}},"34":{"start":{"line":35,"column":0},"end":{"line":35,"column":19}},"35":{"start":{"line":36,"column":0},"end":{"line":36,"column":26}},"36":{"start":{"line":37,"column":0},"end":{"line":37,"column":21}},"37":{"start":{"line":38,"column":0},"end":{"line":38,"column":29}},"38":{"start":{"line":39,"column":0},"end":{"line":39,"column":7}},"39":{"start":{"line":40,"column":0},"end":{"line":40,"column":3}},"40":{"start":{"line":41,"column":0},"end":{"line":41,"column":1}},"41":{"start":{"line":42,"column":0},"end":{"line":42,"column":0}},"42":{"start":{"line":43,"column":0},"end":{"line":43,"column":26}},"43":{"start":{"line":44,"column":0},"end":{"line":44,"column":53}},"44":{"start":{"line":45,"column":0},"end":{"line":45,"column":7}},"45":{"start":{"line":46,"column":0},"end":{"line":46,"column":45}},"46":{"start":{"line":47,"column":0},"end":{"line":47,"column":79}},"47":{"start":{"line":48,"column":0},"end":{"line":48,"column":20}},"48":{"start":{"line":49,"column":0},"end":{"line":49,"column":22}},"49":{"start":{"line":50,"column":0},"end":{"line":50,"column":17}},"50":{"start":{"line":51,"column":0},"end":{"line":51,"column":9}},"51":{"start":{"line":52,"column":0},"end":{"line":52,"column":0}},"52":{"start":{"line":53,"column":0},"end":{"line":53,"column":35}},"53":{"start":{"line":54,"column":0},"end":{"line":54,"column":9}},"54":{"start":{"line":55,"column":0},"end":{"line":55,"column":7}},"55":{"start":{"line":56,"column":0},"end":{"line":56,"column":19}},"56":{"start":{"line":57,"column":0},"end":{"line":57,"column":26}},"57":{"start":{"line":58,"column":0},"end":{"line":58,"column":21}},"58":{"start":{"line":59,"column":0},"end":{"line":59,"column":29}},"59":{"start":{"line":60,"column":0},"end":{"line":60,"column":7}},"60":{"start":{"line":61,"column":0},"end":{"line":61,"column":3}},"61":{"start":{"line":62,"column":0},"end":{"line":62,"column":1}},"62":{"start":{"line":63,"column":0},"end":{"line":63,"column":0}},"63":{"start":{"line":64,"column":0},"end":{"line":64,"column":55}},"64":{"start":{"line":65,"column":0},"end":{"line":65,"column":31}},"65":{"start":{"line":66,"column":0},"end":{"line":66,"column":71}},"66":{"start":{"line":67,"column":0},"end":{"line":67,"column":1}},"67":{"start":{"line":68,"column":0},"end":{"line":68,"column":0}},"68":{"start":{"line":69,"column":0},"end":{"line":69,"column":22}},"69":{"start":{"line":70,"column":0},"end":{"line":70,"column":28}},"70":{"start":{"line":71,"column":0},"end":{"line":71,"column":35}},"71":{"start":{"line":72,"column":0},"end":{"line":72,"column":3}},"72":{"start":{"line":73,"column":0},"end":{"line":73,"column":0}},"73":{"start":{"line":74,"column":0},"end":{"line":74,"column":34}},"74":{"start":{"line":75,"column":0},"end":{"line":75,"column":9}},"75":{"start":{"line":76,"column":0},"end":{"line":76,"column":53}},"76":{"start":{"line":77,"column":0},"end":{"line":77,"column":28}},"77":{"start":{"line":78,"column":0},"end":{"line":78,"column":21}},"78":{"start":{"line":79,"column":0},"end":{"line":79,"column":34}},"79":{"start":{"line":80,"column":0},"end":{"line":80,"column":41}},"80":{"start":{"line":81,"column":0},"end":{"line":81,"column":9}},"81":{"start":{"line":82,"column":0},"end":{"line":82,"column":21}},"82":{"start":{"line":83,"column":0},"end":{"line":83,"column":28}},"83":{"start":{"line":84,"column":0},"end":{"line":84,"column":23}},"84":{"start":{"line":85,"column":0},"end":{"line":85,"column":31}},"85":{"start":{"line":86,"column":0},"end":{"line":86,"column":9}},"86":{"start":{"line":87,"column":0},"end":{"line":87,"column":5}},"87":{"start":{"line":88,"column":0},"end":{"line":88,"column":4}},"88":{"start":{"line":89,"column":0},"end":{"line":89,"column":0}},"89":{"start":{"line":90,"column":0},"end":{"line":90,"column":36}},"90":{"start":{"line":91,"column":0},"end":{"line":91,"column":9}},"91":{"start":{"line":92,"column":0},"end":{"line":92,"column":69}},"92":{"start":{"line":93,"column":0},"end":{"line":93,"column":28}},"93":{"start":{"line":94,"column":0},"end":{"line":94,"column":21}},"94":{"start":{"line":95,"column":0},"end":{"line":95,"column":36}},"95":{"start":{"line":96,"column":0},"end":{"line":96,"column":43}},"96":{"start":{"line":97,"column":0},"end":{"line":97,"column":9}},"97":{"start":{"line":98,"column":0},"end":{"line":98,"column":21}},"98":{"start":{"line":99,"column":0},"end":{"line":99,"column":28}},"99":{"start":{"line":100,"column":0},"end":{"line":100,"column":23}},"100":{"start":{"line":101,"column":0},"end":{"line":101,"column":31}},"101":{"start":{"line":102,"column":0},"end":{"line":102,"column":9}},"102":{"start":{"line":103,"column":0},"end":{"line":103,"column":5}},"103":{"start":{"line":104,"column":0},"end":{"line":104,"column":4}},"104":{"start":{"line":105,"column":0},"end":{"line":105,"column":0}},"105":{"start":{"line":106,"column":0},"end":{"line":106,"column":35}},"106":{"start":{"line":107,"column":0},"end":{"line":107,"column":9}},"107":{"start":{"line":108,"column":0},"end":{"line":108,"column":67}},"108":{"start":{"line":109,"column":0},"end":{"line":109,"column":28}},"109":{"start":{"line":110,"column":0},"end":{"line":110,"column":21}},"110":{"start":{"line":111,"column":0},"end":{"line":111,"column":35}},"111":{"start":{"line":112,"column":0},"end":{"line":112,"column":42}},"112":{"start":{"line":113,"column":0},"end":{"line":113,"column":9}},"113":{"start":{"line":114,"column":0},"end":{"line":114,"column":21}},"114":{"start":{"line":115,"column":0},"end":{"line":115,"column":28}},"115":{"start":{"line":116,"column":0},"end":{"line":116,"column":23}},"116":{"start":{"line":117,"column":0},"end":{"line":117,"column":31}},"117":{"start":{"line":118,"column":0},"end":{"line":118,"column":9}},"118":{"start":{"line":119,"column":0},"end":{"line":119,"column":5}},"119":{"start":{"line":120,"column":0},"end":{"line":120,"column":4}},"120":{"start":{"line":121,"column":0},"end":{"line":121,"column":0}},"121":{"start":{"line":122,"column":0},"end":{"line":122,"column":34}},"122":{"start":{"line":123,"column":0},"end":{"line":123,"column":9}},"123":{"start":{"line":124,"column":0},"end":{"line":124,"column":37}},"124":{"start":{"line":125,"column":0},"end":{"line":125,"column":39}},"125":{"start":{"line":126,"column":0},"end":{"line":126,"column":51}},"126":{"start":{"line":127,"column":0},"end":{"line":127,"column":33}},"127":{"start":{"line":128,"column":0},"end":{"line":128,"column":35}},"128":{"start":{"line":129,"column":0},"end":{"line":129,"column":41}},"129":{"start":{"line":130,"column":0},"end":{"line":130,"column":37}},"130":{"start":{"line":131,"column":0},"end":{"line":131,"column":64}},"131":{"start":{"line":132,"column":0},"end":{"line":132,"column":28}},"132":{"start":{"line":133,"column":0},"end":{"line":133,"column":23}},"133":{"start":{"line":134,"column":0},"end":{"line":134,"column":50}},"134":{"start":{"line":135,"column":0},"end":{"line":135,"column":15}},"135":{"start":{"line":136,"column":0},"end":{"line":136,"column":15}},"136":{"start":{"line":137,"column":0},"end":{"line":137,"column":22}},"137":{"start":{"line":138,"column":0},"end":{"line":138,"column":16}},"138":{"start":{"line":139,"column":0},"end":{"line":139,"column":14}},"139":{"start":{"line":140,"column":0},"end":{"line":140,"column":17}},"140":{"start":{"line":141,"column":0},"end":{"line":141,"column":13}},"141":{"start":{"line":142,"column":0},"end":{"line":142,"column":17}},"142":{"start":{"line":143,"column":0},"end":{"line":143,"column":14}},"143":{"start":{"line":144,"column":0},"end":{"line":144,"column":13}},"144":{"start":{"line":145,"column":0},"end":{"line":145,"column":9}},"145":{"start":{"line":146,"column":0},"end":{"line":146,"column":28}},"146":{"start":{"line":147,"column":0},"end":{"line":147,"column":20}},"147":{"start":{"line":148,"column":0},"end":{"line":148,"column":26}},"148":{"start":{"line":149,"column":0},"end":{"line":149,"column":34}},"149":{"start":{"line":150,"column":0},"end":{"line":150,"column":34}},"150":{"start":{"line":151,"column":0},"end":{"line":151,"column":9}},"151":{"start":{"line":152,"column":0},"end":{"line":152,"column":21}},"152":{"start":{"line":153,"column":0},"end":{"line":153,"column":28}},"153":{"start":{"line":154,"column":0},"end":{"line":154,"column":23}},"154":{"start":{"line":155,"column":0},"end":{"line":155,"column":31}},"155":{"start":{"line":156,"column":0},"end":{"line":156,"column":9}},"156":{"start":{"line":157,"column":0},"end":{"line":157,"column":5}},"157":{"start":{"line":158,"column":0},"end":{"line":158,"column":4}},"158":{"start":{"line":159,"column":0},"end":{"line":159,"column":0}},"159":{"start":{"line":160,"column":0},"end":{"line":160,"column":37}},"160":{"start":{"line":161,"column":0},"end":{"line":161,"column":9}},"161":{"start":{"line":162,"column":0},"end":{"line":162,"column":37}},"162":{"start":{"line":163,"column":0},"end":{"line":163,"column":39}},"163":{"start":{"line":164,"column":0},"end":{"line":164,"column":51}},"164":{"start":{"line":165,"column":0},"end":{"line":165,"column":33}},"165":{"start":{"line":166,"column":0},"end":{"line":166,"column":35}},"166":{"start":{"line":167,"column":0},"end":{"line":167,"column":41}},"167":{"start":{"line":168,"column":0},"end":{"line":168,"column":37}},"168":{"start":{"line":169,"column":0},"end":{"line":169,"column":64}},"169":{"start":{"line":170,"column":0},"end":{"line":170,"column":27}},"170":{"start":{"line":171,"column":0},"end":{"line":171,"column":23}},"171":{"start":{"line":172,"column":0},"end":{"line":172,"column":50}},"172":{"start":{"line":173,"column":0},"end":{"line":173,"column":15}},"173":{"start":{"line":174,"column":0},"end":{"line":174,"column":15}},"174":{"start":{"line":175,"column":0},"end":{"line":175,"column":22}},"175":{"start":{"line":176,"column":0},"end":{"line":176,"column":16}},"176":{"start":{"line":177,"column":0},"end":{"line":177,"column":14}},"177":{"start":{"line":178,"column":0},"end":{"line":178,"column":17}},"178":{"start":{"line":179,"column":0},"end":{"line":179,"column":13}},"179":{"start":{"line":180,"column":0},"end":{"line":180,"column":17}},"180":{"start":{"line":181,"column":0},"end":{"line":181,"column":14}},"181":{"start":{"line":182,"column":0},"end":{"line":182,"column":13}},"182":{"start":{"line":183,"column":0},"end":{"line":183,"column":9}},"183":{"start":{"line":184,"column":0},"end":{"line":184,"column":28}},"184":{"start":{"line":185,"column":0},"end":{"line":185,"column":20}},"185":{"start":{"line":186,"column":0},"end":{"line":186,"column":26}},"186":{"start":{"line":187,"column":0},"end":{"line":187,"column":34}},"187":{"start":{"line":188,"column":0},"end":{"line":188,"column":34}},"188":{"start":{"line":189,"column":0},"end":{"line":189,"column":9}},"189":{"start":{"line":190,"column":0},"end":{"line":190,"column":21}},"190":{"start":{"line":191,"column":0},"end":{"line":191,"column":28}},"191":{"start":{"line":192,"column":0},"end":{"line":192,"column":23}},"192":{"start":{"line":193,"column":0},"end":{"line":193,"column":31}},"193":{"start":{"line":194,"column":0},"end":{"line":194,"column":9}},"194":{"start":{"line":195,"column":0},"end":{"line":195,"column":5}},"195":{"start":{"line":196,"column":0},"end":{"line":196,"column":4}},"196":{"start":{"line":197,"column":0},"end":{"line":197,"column":0}},"197":{"start":{"line":198,"column":0},"end":{"line":198,"column":36}},"198":{"start":{"line":199,"column":0},"end":{"line":199,"column":9}},"199":{"start":{"line":200,"column":0},"end":{"line":200,"column":37}},"200":{"start":{"line":201,"column":0},"end":{"line":201,"column":37}},"201":{"start":{"line":202,"column":0},"end":{"line":202,"column":51}},"202":{"start":{"line":203,"column":0},"end":{"line":203,"column":39}},"203":{"start":{"line":204,"column":0},"end":{"line":204,"column":35}},"204":{"start":{"line":205,"column":0},"end":{"line":205,"column":33}},"205":{"start":{"line":206,"column":0},"end":{"line":206,"column":41}},"206":{"start":{"line":207,"column":0},"end":{"line":207,"column":35}},"207":{"start":{"line":208,"column":0},"end":{"line":208,"column":41}},"208":{"start":{"line":209,"column":0},"end":{"line":209,"column":27}},"209":{"start":{"line":210,"column":0},"end":{"line":210,"column":51}},"210":{"start":{"line":211,"column":0},"end":{"line":211,"column":48}},"211":{"start":{"line":212,"column":0},"end":{"line":212,"column":40}},"212":{"start":{"line":213,"column":0},"end":{"line":213,"column":0}},"213":{"start":{"line":214,"column":0},"end":{"line":214,"column":32}},"214":{"start":{"line":215,"column":0},"end":{"line":215,"column":69}},"215":{"start":{"line":216,"column":0},"end":{"line":216,"column":78}},"216":{"start":{"line":217,"column":0},"end":{"line":217,"column":9}},"217":{"start":{"line":218,"column":0},"end":{"line":218,"column":0}},"218":{"start":{"line":219,"column":0},"end":{"line":219,"column":62}},"219":{"start":{"line":220,"column":0},"end":{"line":220,"column":70}},"220":{"start":{"line":221,"column":0},"end":{"line":221,"column":0}},"221":{"start":{"line":222,"column":0},"end":{"line":222,"column":35}},"222":{"start":{"line":223,"column":0},"end":{"line":223,"column":15}},"223":{"start":{"line":224,"column":0},"end":{"line":224,"column":41}},"224":{"start":{"line":225,"column":0},"end":{"line":225,"column":34}},"225":{"start":{"line":226,"column":0},"end":{"line":226,"column":24}},"226":{"start":{"line":227,"column":0},"end":{"line":227,"column":36}},"227":{"start":{"line":228,"column":0},"end":{"line":228,"column":40}},"228":{"start":{"line":229,"column":0},"end":{"line":229,"column":36}},"229":{"start":{"line":230,"column":0},"end":{"line":230,"column":17}},"230":{"start":{"line":231,"column":0},"end":{"line":231,"column":21}},"231":{"start":{"line":232,"column":0},"end":{"line":232,"column":13}},"232":{"start":{"line":233,"column":0},"end":{"line":233,"column":0}},"233":{"start":{"line":234,"column":0},"end":{"line":234,"column":37}},"234":{"start":{"line":235,"column":0},"end":{"line":235,"column":0}},"235":{"start":{"line":236,"column":0},"end":{"line":236,"column":28}},"236":{"start":{"line":237,"column":0},"end":{"line":237,"column":36}},"237":{"start":{"line":238,"column":0},"end":{"line":238,"column":31}},"238":{"start":{"line":239,"column":0},"end":{"line":239,"column":31}},"239":{"start":{"line":240,"column":0},"end":{"line":240,"column":45}},"240":{"start":{"line":241,"column":0},"end":{"line":241,"column":33}},"241":{"start":{"line":242,"column":0},"end":{"line":242,"column":29}},"242":{"start":{"line":243,"column":0},"end":{"line":243,"column":27}},"243":{"start":{"line":244,"column":0},"end":{"line":244,"column":35}},"244":{"start":{"line":245,"column":0},"end":{"line":245,"column":35}},"245":{"start":{"line":246,"column":0},"end":{"line":246,"column":29}},"246":{"start":{"line":247,"column":0},"end":{"line":247,"column":16}},"247":{"start":{"line":248,"column":0},"end":{"line":248,"column":27}},"248":{"start":{"line":249,"column":0},"end":{"line":249,"column":38}},"249":{"start":{"line":250,"column":0},"end":{"line":250,"column":36}},"250":{"start":{"line":251,"column":0},"end":{"line":251,"column":19}},"251":{"start":{"line":252,"column":0},"end":{"line":252,"column":16}},"252":{"start":{"line":253,"column":0},"end":{"line":253,"column":31}},"253":{"start":{"line":254,"column":0},"end":{"line":254,"column":38}},"254":{"start":{"line":255,"column":0},"end":{"line":255,"column":33}},"255":{"start":{"line":256,"column":0},"end":{"line":256,"column":39}},"256":{"start":{"line":257,"column":0},"end":{"line":257,"column":19}},"257":{"start":{"line":258,"column":0},"end":{"line":258,"column":17}},"258":{"start":{"line":259,"column":0},"end":{"line":259,"column":11}},"259":{"start":{"line":260,"column":0},"end":{"line":260,"column":10}},"260":{"start":{"line":261,"column":0},"end":{"line":261,"column":15}},"261":{"start":{"line":262,"column":0},"end":{"line":262,"column":7}},"262":{"start":{"line":263,"column":0},"end":{"line":263,"column":63}},"263":{"start":{"line":264,"column":0},"end":{"line":264,"column":23}},"264":{"start":{"line":265,"column":0},"end":{"line":265,"column":23}},"265":{"start":{"line":266,"column":0},"end":{"line":266,"column":37}},"266":{"start":{"line":267,"column":0},"end":{"line":267,"column":25}},"267":{"start":{"line":268,"column":0},"end":{"line":268,"column":21}},"268":{"start":{"line":269,"column":0},"end":{"line":269,"column":19}},"269":{"start":{"line":270,"column":0},"end":{"line":270,"column":27}},"270":{"start":{"line":271,"column":0},"end":{"line":271,"column":27}},"271":{"start":{"line":272,"column":0},"end":{"line":272,"column":9}},"272":{"start":{"line":273,"column":0},"end":{"line":273,"column":28}},"273":{"start":{"line":274,"column":0},"end":{"line":274,"column":26}},"274":{"start":{"line":275,"column":0},"end":{"line":275,"column":44}},"275":{"start":{"line":276,"column":0},"end":{"line":276,"column":19}},"276":{"start":{"line":277,"column":0},"end":{"line":277,"column":9}},"277":{"start":{"line":278,"column":0},"end":{"line":278,"column":21}},"278":{"start":{"line":279,"column":0},"end":{"line":279,"column":28}},"279":{"start":{"line":280,"column":0},"end":{"line":280,"column":23}},"280":{"start":{"line":281,"column":0},"end":{"line":281,"column":31}},"281":{"start":{"line":282,"column":0},"end":{"line":282,"column":9}},"282":{"start":{"line":283,"column":0},"end":{"line":283,"column":5}},"283":{"start":{"line":284,"column":0},"end":{"line":284,"column":4}},"284":{"start":{"line":285,"column":0},"end":{"line":285,"column":0}},"285":{"start":{"line":286,"column":0},"end":{"line":286,"column":36}},"286":{"start":{"line":287,"column":0},"end":{"line":287,"column":9}},"287":{"start":{"line":288,"column":0},"end":{"line":288,"column":31}},"288":{"start":{"line":289,"column":0},"end":{"line":289,"column":0}},"289":{"start":{"line":290,"column":0},"end":{"line":290,"column":50}},"290":{"start":{"line":291,"column":0},"end":{"line":291,"column":22}},"291":{"start":{"line":292,"column":0},"end":{"line":292,"column":9}},"292":{"start":{"line":293,"column":0},"end":{"line":293,"column":0}},"293":{"start":{"line":294,"column":0},"end":{"line":294,"column":27}},"294":{"start":{"line":295,"column":0},"end":{"line":295,"column":18}},"295":{"start":{"line":296,"column":0},"end":{"line":296,"column":69}},"296":{"start":{"line":297,"column":0},"end":{"line":297,"column":15}},"297":{"start":{"line":298,"column":0},"end":{"line":298,"column":7}},"298":{"start":{"line":299,"column":0},"end":{"line":299,"column":0}},"299":{"start":{"line":300,"column":0},"end":{"line":300,"column":28}},"300":{"start":{"line":301,"column":0},"end":{"line":301,"column":26}},"301":{"start":{"line":302,"column":0},"end":{"line":302,"column":44}},"302":{"start":{"line":303,"column":0},"end":{"line":303,"column":9}},"303":{"start":{"line":304,"column":0},"end":{"line":304,"column":21}},"304":{"start":{"line":305,"column":0},"end":{"line":305,"column":28}},"305":{"start":{"line":306,"column":0},"end":{"line":306,"column":31}},"306":{"start":{"line":307,"column":0},"end":{"line":307,"column":9}},"307":{"start":{"line":308,"column":0},"end":{"line":308,"column":5}},"308":{"start":{"line":309,"column":0},"end":{"line":309,"column":4}},"309":{"start":{"line":310,"column":0},"end":{"line":310,"column":0}},"310":{"start":{"line":311,"column":0},"end":{"line":311,"column":31}},"311":{"start":{"line":312,"column":0},"end":{"line":312,"column":9}},"312":{"start":{"line":313,"column":0},"end":{"line":313,"column":41}},"313":{"start":{"line":314,"column":0},"end":{"line":314,"column":41}},"314":{"start":{"line":315,"column":0},"end":{"line":315,"column":0}},"315":{"start":{"line":316,"column":0},"end":{"line":316,"column":51}},"316":{"start":{"line":317,"column":0},"end":{"line":317,"column":28}},"317":{"start":{"line":318,"column":0},"end":{"line":318,"column":9}},"318":{"start":{"line":319,"column":0},"end":{"line":319,"column":0}},"319":{"start":{"line":320,"column":0},"end":{"line":320,"column":27}},"320":{"start":{"line":321,"column":0},"end":{"line":321,"column":18}},"321":{"start":{"line":322,"column":0},"end":{"line":322,"column":70}},"322":{"start":{"line":323,"column":0},"end":{"line":323,"column":15}},"323":{"start":{"line":324,"column":0},"end":{"line":324,"column":7}},"324":{"start":{"line":325,"column":0},"end":{"line":325,"column":0}},"325":{"start":{"line":326,"column":0},"end":{"line":326,"column":77}},"326":{"start":{"line":327,"column":0},"end":{"line":327,"column":77}},"327":{"start":{"line":328,"column":0},"end":{"line":328,"column":38}},"328":{"start":{"line":329,"column":0},"end":{"line":329,"column":31}},"329":{"start":{"line":330,"column":0},"end":{"line":330,"column":61}},"330":{"start":{"line":331,"column":0},"end":{"line":331,"column":15}},"331":{"start":{"line":332,"column":0},"end":{"line":332,"column":7}},"332":{"start":{"line":333,"column":0},"end":{"line":333,"column":0}},"333":{"start":{"line":334,"column":0},"end":{"line":334,"column":89}},"334":{"start":{"line":335,"column":0},"end":{"line":335,"column":33}},"335":{"start":{"line":336,"column":0},"end":{"line":336,"column":20}},"336":{"start":{"line":337,"column":0},"end":{"line":337,"column":26}},"337":{"start":{"line":338,"column":0},"end":{"line":338,"column":34}},"338":{"start":{"line":339,"column":0},"end":{"line":339,"column":34}},"339":{"start":{"line":340,"column":0},"end":{"line":340,"column":9}},"340":{"start":{"line":341,"column":0},"end":{"line":341,"column":0}},"341":{"start":{"line":342,"column":0},"end":{"line":342,"column":42}},"342":{"start":{"line":343,"column":0},"end":{"line":343,"column":28}},"343":{"start":{"line":344,"column":0},"end":{"line":344,"column":20}},"344":{"start":{"line":345,"column":0},"end":{"line":345,"column":26}},"345":{"start":{"line":346,"column":0},"end":{"line":346,"column":32}},"346":{"start":{"line":347,"column":0},"end":{"line":347,"column":14}},"347":{"start":{"line":348,"column":0},"end":{"line":348,"column":34}},"348":{"start":{"line":349,"column":0},"end":{"line":349,"column":34}},"349":{"start":{"line":350,"column":0},"end":{"line":350,"column":33}},"350":{"start":{"line":351,"column":0},"end":{"line":351,"column":9}},"351":{"start":{"line":352,"column":0},"end":{"line":352,"column":21}},"352":{"start":{"line":353,"column":0},"end":{"line":353,"column":28}},"353":{"start":{"line":354,"column":0},"end":{"line":354,"column":31}},"354":{"start":{"line":355,"column":0},"end":{"line":355,"column":9}},"355":{"start":{"line":356,"column":0},"end":{"line":356,"column":5}},"356":{"start":{"line":357,"column":0},"end":{"line":357,"column":4}},"357":{"start":{"line":358,"column":0},"end":{"line":358,"column":0}},"358":{"start":{"line":359,"column":0},"end":{"line":359,"column":32}},"359":{"start":{"line":360,"column":0},"end":{"line":360,"column":35}},"360":{"start":{"line":361,"column":0},"end":{"line":361,"column":4}},"361":{"start":{"line":362,"column":0},"end":{"line":362,"column":0}},"362":{"start":{"line":363,"column":0},"end":{"line":363,"column":41}},"363":{"start":{"line":364,"column":0},"end":{"line":364,"column":9}},"364":{"start":{"line":365,"column":0},"end":{"line":365,"column":52}},"365":{"start":{"line":366,"column":0},"end":{"line":366,"column":52}},"366":{"start":{"line":367,"column":0},"end":{"line":367,"column":38}},"367":{"start":{"line":368,"column":0},"end":{"line":368,"column":14}},"368":{"start":{"line":369,"column":0},"end":{"line":369,"column":50}},"369":{"start":{"line":370,"column":0},"end":{"line":370,"column":8}},"370":{"start":{"line":371,"column":0},"end":{"line":371,"column":0}},"371":{"start":{"line":372,"column":0},"end":{"line":372,"column":64}},"372":{"start":{"line":373,"column":0},"end":{"line":373,"column":68}},"373":{"start":{"line":374,"column":0},"end":{"line":374,"column":22}},"374":{"start":{"line":375,"column":0},"end":{"line":375,"column":13}},"375":{"start":{"line":376,"column":0},"end":{"line":376,"column":19}},"376":{"start":{"line":377,"column":0},"end":{"line":377,"column":28}},"377":{"start":{"line":378,"column":0},"end":{"line":378,"column":29}},"378":{"start":{"line":379,"column":0},"end":{"line":379,"column":9}},"379":{"start":{"line":380,"column":0},"end":{"line":380,"column":5}},"380":{"start":{"line":381,"column":0},"end":{"line":381,"column":4}},"381":{"start":{"line":382,"column":0},"end":{"line":382,"column":0}},"382":{"start":{"line":383,"column":0},"end":{"line":383,"column":49}},"383":{"start":{"line":384,"column":0},"end":{"line":384,"column":9}},"384":{"start":{"line":385,"column":0},"end":{"line":385,"column":37}},"385":{"start":{"line":386,"column":0},"end":{"line":386,"column":20}},"386":{"start":{"line":387,"column":0},"end":{"line":387,"column":37}},"387":{"start":{"line":388,"column":0},"end":{"line":388,"column":25}},"388":{"start":{"line":389,"column":0},"end":{"line":389,"column":41}},"389":{"start":{"line":390,"column":0},"end":{"line":390,"column":11}},"390":{"start":{"line":391,"column":0},"end":{"line":391,"column":45}},"391":{"start":{"line":392,"column":0},"end":{"line":392,"column":18}},"392":{"start":{"line":393,"column":0},"end":{"line":393,"column":37}},"393":{"start":{"line":394,"column":0},"end":{"line":394,"column":25}},"394":{"start":{"line":395,"column":0},"end":{"line":395,"column":47}},"395":{"start":{"line":396,"column":0},"end":{"line":396,"column":11}},"396":{"start":{"line":397,"column":0},"end":{"line":397,"column":13}},"397":{"start":{"line":398,"column":0},"end":{"line":398,"column":21}},"398":{"start":{"line":399,"column":0},"end":{"line":399,"column":28}},"399":{"start":{"line":400,"column":0},"end":{"line":400,"column":31}},"400":{"start":{"line":401,"column":0},"end":{"line":401,"column":9}},"401":{"start":{"line":402,"column":0},"end":{"line":402,"column":5}},"402":{"start":{"line":403,"column":0},"end":{"line":403,"column":4}},"403":{"start":{"line":404,"column":0},"end":{"line":404,"column":0}},"404":{"start":{"line":405,"column":0},"end":{"line":405,"column":39}},"405":{"start":{"line":406,"column":0},"end":{"line":406,"column":72}},"406":{"start":{"line":407,"column":0},"end":{"line":407,"column":4}},"407":{"start":{"line":408,"column":0},"end":{"line":408,"column":0}},"408":{"start":{"line":409,"column":0},"end":{"line":409,"column":40}},"409":{"start":{"line":410,"column":0},"end":{"line":410,"column":62}},"410":{"start":{"line":411,"column":0},"end":{"line":411,"column":4}},"411":{"start":{"line":412,"column":0},"end":{"line":412,"column":0}},"412":{"start":{"line":413,"column":0},"end":{"line":413,"column":45}},"413":{"start":{"line":414,"column":0},"end":{"line":414,"column":53}},"414":{"start":{"line":415,"column":0},"end":{"line":415,"column":4}},"415":{"start":{"line":416,"column":0},"end":{"line":416,"column":0}},"416":{"start":{"line":417,"column":0},"end":{"line":417,"column":53}},"417":{"start":{"line":418,"column":0},"end":{"line":418,"column":31}},"418":{"start":{"line":419,"column":0},"end":{"line":419,"column":2}},"419":{"start":{"line":420,"column":0},"end":{"line":420,"column":9}},"420":{"start":{"line":421,"column":0},"end":{"line":421,"column":49}},"421":{"start":{"line":422,"column":0},"end":{"line":422,"column":23}},"422":{"start":{"line":423,"column":0},"end":{"line":423,"column":57}},"423":{"start":{"line":424,"column":0},"end":{"line":424,"column":9}},"424":{"start":{"line":425,"column":0},"end":{"line":425,"column":2}},"425":{"start":{"line":426,"column":0},"end":{"line":426,"column":50}},"426":{"start":{"line":427,"column":0},"end":{"line":427,"column":28}},"427":{"start":{"line":428,"column":0},"end":{"line":428,"column":2}},"428":{"start":{"line":429,"column":0},"end":{"line":429,"column":39}},"429":{"start":{"line":430,"column":0},"end":{"line":430,"column":2}},"430":{"start":{"line":431,"column":0},"end":{"line":431,"column":77}},"431":{"start":{"line":432,"column":0},"end":{"line":432,"column":77}},"432":{"start":{"line":433,"column":0},"end":{"line":433,"column":2}},"433":{"start":{"line":434,"column":0},"end":{"line":434,"column":50}},"434":{"start":{"line":435,"column":0},"end":{"line":435,"column":2}},"435":{"start":{"line":436,"column":0},"end":{"line":436,"column":44}},"436":{"start":{"line":437,"column":0},"end":{"line":437,"column":19}},"437":{"start":{"line":438,"column":0},"end":{"line":438,"column":80}},"438":{"start":{"line":439,"column":0},"end":{"line":439,"column":5}},"439":{"start":{"line":440,"column":0},"end":{"line":440,"column":3}},"440":{"start":{"line":441,"column":0},"end":{"line":441,"column":1}},"441":{"start":{"line":442,"column":0},"end":{"line":442,"column":0}},"442":{"start":{"line":443,"column":0},"end":{"line":443,"column":66}},"443":{"start":{"line":444,"column":0},"end":{"line":444,"column":21}},"444":{"start":{"line":445,"column":0},"end":{"line":445,"column":21}},"445":{"start":{"line":446,"column":0},"end":{"line":446,"column":26}},"446":{"start":{"line":447,"column":0},"end":{"line":447,"column":37}},"447":{"start":{"line":448,"column":0},"end":{"line":448,"column":33}},"448":{"start":{"line":449,"column":0},"end":{"line":449,"column":26}},"449":{"start":{"line":450,"column":0},"end":{"line":450,"column":34}},"450":{"start":{"line":451,"column":0},"end":{"line":451,"column":36}},"451":{"start":{"line":452,"column":0},"end":{"line":452,"column":14}},"452":{"start":{"line":453,"column":0},"end":{"line":453,"column":11}},"453":{"start":{"line":454,"column":0},"end":{"line":454,"column":26}},"454":{"start":{"line":455,"column":0},"end":{"line":455,"column":33}},"455":{"start":{"line":456,"column":0},"end":{"line":456,"column":28}},"456":{"start":{"line":457,"column":0},"end":{"line":457,"column":34}},"457":{"start":{"line":458,"column":0},"end":{"line":458,"column":14}},"458":{"start":{"line":459,"column":0},"end":{"line":459,"column":12}},"459":{"start":{"line":460,"column":0},"end":{"line":460,"column":7}},"460":{"start":{"line":461,"column":0},"end":{"line":461,"column":0}},"461":{"start":{"line":462,"column":0},"end":{"line":462,"column":27}},"462":{"start":{"line":463,"column":0},"end":{"line":463,"column":40}},"463":{"start":{"line":464,"column":0},"end":{"line":464,"column":37}},"464":{"start":{"line":465,"column":0},"end":{"line":465,"column":33}},"465":{"start":{"line":466,"column":0},"end":{"line":466,"column":26}},"466":{"start":{"line":467,"column":0},"end":{"line":467,"column":34}},"467":{"start":{"line":468,"column":0},"end":{"line":468,"column":36}},"468":{"start":{"line":469,"column":0},"end":{"line":469,"column":14}},"469":{"start":{"line":470,"column":0},"end":{"line":470,"column":11}},"470":{"start":{"line":471,"column":0},"end":{"line":471,"column":26}},"471":{"start":{"line":472,"column":0},"end":{"line":472,"column":33}},"472":{"start":{"line":473,"column":0},"end":{"line":473,"column":28}},"473":{"start":{"line":474,"column":0},"end":{"line":474,"column":34}},"474":{"start":{"line":475,"column":0},"end":{"line":475,"column":14}},"475":{"start":{"line":476,"column":0},"end":{"line":476,"column":12}},"476":{"start":{"line":477,"column":0},"end":{"line":477,"column":7}},"477":{"start":{"line":478,"column":0},"end":{"line":478,"column":0}},"478":{"start":{"line":479,"column":0},"end":{"line":479,"column":26}},"479":{"start":{"line":480,"column":0},"end":{"line":480,"column":39}},"480":{"start":{"line":481,"column":0},"end":{"line":481,"column":37}},"481":{"start":{"line":482,"column":0},"end":{"line":482,"column":33}},"482":{"start":{"line":483,"column":0},"end":{"line":483,"column":26}},"483":{"start":{"line":484,"column":0},"end":{"line":484,"column":34}},"484":{"start":{"line":485,"column":0},"end":{"line":485,"column":36}},"485":{"start":{"line":486,"column":0},"end":{"line":486,"column":14}},"486":{"start":{"line":487,"column":0},"end":{"line":487,"column":11}},"487":{"start":{"line":488,"column":0},"end":{"line":488,"column":26}},"488":{"start":{"line":489,"column":0},"end":{"line":489,"column":33}},"489":{"start":{"line":490,"column":0},"end":{"line":490,"column":28}},"490":{"start":{"line":491,"column":0},"end":{"line":491,"column":34}},"491":{"start":{"line":492,"column":0},"end":{"line":492,"column":14}},"492":{"start":{"line":493,"column":0},"end":{"line":493,"column":12}},"493":{"start":{"line":494,"column":0},"end":{"line":494,"column":7}},"494":{"start":{"line":495,"column":0},"end":{"line":495,"column":21}},"495":{"start":{"line":496,"column":0},"end":{"line":496,"column":30}},"496":{"start":{"line":497,"column":0},"end":{"line":497,"column":31}},"497":{"start":{"line":498,"column":0},"end":{"line":498,"column":12}},"498":{"start":{"line":499,"column":0},"end":{"line":499,"column":27}},"499":{"start":{"line":500,"column":0},"end":{"line":500,"column":28}},"500":{"start":{"line":501,"column":0},"end":{"line":501,"column":54}},"501":{"start":{"line":502,"column":0},"end":{"line":502,"column":36}},"502":{"start":{"line":503,"column":0},"end":{"line":503,"column":38}},"503":{"start":{"line":504,"column":0},"end":{"line":504,"column":44}},"504":{"start":{"line":505,"column":0},"end":{"line":505,"column":40}},"505":{"start":{"line":506,"column":0},"end":{"line":506,"column":67}},"506":{"start":{"line":507,"column":0},"end":{"line":507,"column":31}},"507":{"start":{"line":508,"column":0},"end":{"line":508,"column":26}},"508":{"start":{"line":509,"column":0},"end":{"line":509,"column":49}},"509":{"start":{"line":510,"column":0},"end":{"line":510,"column":18}},"510":{"start":{"line":511,"column":0},"end":{"line":511,"column":18}},"511":{"start":{"line":512,"column":0},"end":{"line":512,"column":25}},"512":{"start":{"line":513,"column":0},"end":{"line":513,"column":19}},"513":{"start":{"line":514,"column":0},"end":{"line":514,"column":17}},"514":{"start":{"line":515,"column":0},"end":{"line":515,"column":20}},"515":{"start":{"line":516,"column":0},"end":{"line":516,"column":16}},"516":{"start":{"line":517,"column":0},"end":{"line":517,"column":20}},"517":{"start":{"line":518,"column":0},"end":{"line":518,"column":17}},"518":{"start":{"line":519,"column":0},"end":{"line":519,"column":16}},"519":{"start":{"line":520,"column":0},"end":{"line":520,"column":12}},"520":{"start":{"line":521,"column":0},"end":{"line":521,"column":31}},"521":{"start":{"line":522,"column":0},"end":{"line":522,"column":23}},"522":{"start":{"line":523,"column":0},"end":{"line":523,"column":29}},"523":{"start":{"line":524,"column":0},"end":{"line":524,"column":37}},"524":{"start":{"line":525,"column":0},"end":{"line":525,"column":37}},"525":{"start":{"line":526,"column":0},"end":{"line":526,"column":12}},"526":{"start":{"line":527,"column":0},"end":{"line":527,"column":24}},"527":{"start":{"line":528,"column":0},"end":{"line":528,"column":31}},"528":{"start":{"line":529,"column":0},"end":{"line":529,"column":26}},"529":{"start":{"line":530,"column":0},"end":{"line":530,"column":34}},"530":{"start":{"line":531,"column":0},"end":{"line":531,"column":12}},"531":{"start":{"line":532,"column":0},"end":{"line":532,"column":8}},"532":{"start":{"line":533,"column":0},"end":{"line":533,"column":7}},"533":{"start":{"line":534,"column":0},"end":{"line":534,"column":0}},"534":{"start":{"line":535,"column":0},"end":{"line":535,"column":34}},"535":{"start":{"line":536,"column":0},"end":{"line":536,"column":12}},"536":{"start":{"line":537,"column":0},"end":{"line":537,"column":40}},"537":{"start":{"line":538,"column":0},"end":{"line":538,"column":42}},"538":{"start":{"line":539,"column":0},"end":{"line":539,"column":54}},"539":{"start":{"line":540,"column":0},"end":{"line":540,"column":36}},"540":{"start":{"line":541,"column":0},"end":{"line":541,"column":38}},"541":{"start":{"line":542,"column":0},"end":{"line":542,"column":44}},"542":{"start":{"line":543,"column":0},"end":{"line":543,"column":40}},"543":{"start":{"line":544,"column":0},"end":{"line":544,"column":67}},"544":{"start":{"line":545,"column":0},"end":{"line":545,"column":30}},"545":{"start":{"line":546,"column":0},"end":{"line":546,"column":26}},"546":{"start":{"line":547,"column":0},"end":{"line":547,"column":49}},"547":{"start":{"line":548,"column":0},"end":{"line":548,"column":18}},"548":{"start":{"line":549,"column":0},"end":{"line":549,"column":18}},"549":{"start":{"line":550,"column":0},"end":{"line":550,"column":25}},"550":{"start":{"line":551,"column":0},"end":{"line":551,"column":19}},"551":{"start":{"line":552,"column":0},"end":{"line":552,"column":17}},"552":{"start":{"line":553,"column":0},"end":{"line":553,"column":20}},"553":{"start":{"line":554,"column":0},"end":{"line":554,"column":16}},"554":{"start":{"line":555,"column":0},"end":{"line":555,"column":20}},"555":{"start":{"line":556,"column":0},"end":{"line":556,"column":17}},"556":{"start":{"line":557,"column":0},"end":{"line":557,"column":16}},"557":{"start":{"line":558,"column":0},"end":{"line":558,"column":12}},"558":{"start":{"line":559,"column":0},"end":{"line":559,"column":31}},"559":{"start":{"line":560,"column":0},"end":{"line":560,"column":23}},"560":{"start":{"line":561,"column":0},"end":{"line":561,"column":29}},"561":{"start":{"line":562,"column":0},"end":{"line":562,"column":37}},"562":{"start":{"line":563,"column":0},"end":{"line":563,"column":37}},"563":{"start":{"line":564,"column":0},"end":{"line":564,"column":12}},"564":{"start":{"line":565,"column":0},"end":{"line":565,"column":24}},"565":{"start":{"line":566,"column":0},"end":{"line":566,"column":31}},"566":{"start":{"line":567,"column":0},"end":{"line":567,"column":26}},"567":{"start":{"line":568,"column":0},"end":{"line":568,"column":34}},"568":{"start":{"line":569,"column":0},"end":{"line":569,"column":12}},"569":{"start":{"line":570,"column":0},"end":{"line":570,"column":8}},"570":{"start":{"line":571,"column":0},"end":{"line":571,"column":7}},"571":{"start":{"line":572,"column":0},"end":{"line":572,"column":0}},"572":{"start":{"line":573,"column":0},"end":{"line":573,"column":33}},"573":{"start":{"line":574,"column":0},"end":{"line":574,"column":38}},"574":{"start":{"line":575,"column":0},"end":{"line":575,"column":38}},"575":{"start":{"line":576,"column":0},"end":{"line":576,"column":52}},"576":{"start":{"line":577,"column":0},"end":{"line":577,"column":40}},"577":{"start":{"line":578,"column":0},"end":{"line":578,"column":36}},"578":{"start":{"line":579,"column":0},"end":{"line":579,"column":34}},"579":{"start":{"line":580,"column":0},"end":{"line":580,"column":42}},"580":{"start":{"line":581,"column":0},"end":{"line":581,"column":36}},"581":{"start":{"line":582,"column":0},"end":{"line":582,"column":42}},"582":{"start":{"line":583,"column":0},"end":{"line":583,"column":28}},"583":{"start":{"line":584,"column":0},"end":{"line":584,"column":52}},"584":{"start":{"line":585,"column":0},"end":{"line":585,"column":0}},"585":{"start":{"line":586,"column":0},"end":{"line":586,"column":41}},"586":{"start":{"line":587,"column":0},"end":{"line":587,"column":41}},"587":{"start":{"line":588,"column":0},"end":{"line":588,"column":0}},"588":{"start":{"line":589,"column":0},"end":{"line":589,"column":33}},"589":{"start":{"line":590,"column":0},"end":{"line":590,"column":70}},"590":{"start":{"line":591,"column":0},"end":{"line":591,"column":79}},"591":{"start":{"line":592,"column":0},"end":{"line":592,"column":10}},"592":{"start":{"line":593,"column":0},"end":{"line":593,"column":0}},"593":{"start":{"line":594,"column":0},"end":{"line":594,"column":63}},"594":{"start":{"line":595,"column":0},"end":{"line":595,"column":71}},"595":{"start":{"line":596,"column":0},"end":{"line":596,"column":0}},"596":{"start":{"line":597,"column":0},"end":{"line":597,"column":36}},"597":{"start":{"line":598,"column":0},"end":{"line":598,"column":16}},"598":{"start":{"line":599,"column":0},"end":{"line":599,"column":42}},"599":{"start":{"line":600,"column":0},"end":{"line":600,"column":35}},"600":{"start":{"line":601,"column":0},"end":{"line":601,"column":25}},"601":{"start":{"line":602,"column":0},"end":{"line":602,"column":37}},"602":{"start":{"line":603,"column":0},"end":{"line":603,"column":41}},"603":{"start":{"line":604,"column":0},"end":{"line":604,"column":37}},"604":{"start":{"line":605,"column":0},"end":{"line":605,"column":18}},"605":{"start":{"line":606,"column":0},"end":{"line":606,"column":22}},"606":{"start":{"line":607,"column":0},"end":{"line":607,"column":14}},"607":{"start":{"line":608,"column":0},"end":{"line":608,"column":0}},"608":{"start":{"line":609,"column":0},"end":{"line":609,"column":38}},"609":{"start":{"line":610,"column":0},"end":{"line":610,"column":0}},"610":{"start":{"line":611,"column":0},"end":{"line":611,"column":47}},"611":{"start":{"line":612,"column":0},"end":{"line":612,"column":30}},"612":{"start":{"line":613,"column":0},"end":{"line":613,"column":30}},"613":{"start":{"line":614,"column":0},"end":{"line":614,"column":44}},"614":{"start":{"line":615,"column":0},"end":{"line":615,"column":32}},"615":{"start":{"line":616,"column":0},"end":{"line":616,"column":28}},"616":{"start":{"line":617,"column":0},"end":{"line":617,"column":26}},"617":{"start":{"line":618,"column":0},"end":{"line":618,"column":34}},"618":{"start":{"line":619,"column":0},"end":{"line":619,"column":34}},"619":{"start":{"line":620,"column":0},"end":{"line":620,"column":28}},"620":{"start":{"line":621,"column":0},"end":{"line":621,"column":15}},"621":{"start":{"line":622,"column":0},"end":{"line":622,"column":28}},"622":{"start":{"line":623,"column":0},"end":{"line":623,"column":39}},"623":{"start":{"line":624,"column":0},"end":{"line":624,"column":37}},"624":{"start":{"line":625,"column":0},"end":{"line":625,"column":20}},"625":{"start":{"line":626,"column":0},"end":{"line":626,"column":17}},"626":{"start":{"line":627,"column":0},"end":{"line":627,"column":32}},"627":{"start":{"line":628,"column":0},"end":{"line":628,"column":39}},"628":{"start":{"line":629,"column":0},"end":{"line":629,"column":34}},"629":{"start":{"line":630,"column":0},"end":{"line":630,"column":40}},"630":{"start":{"line":631,"column":0},"end":{"line":631,"column":20}},"631":{"start":{"line":632,"column":0},"end":{"line":632,"column":18}},"632":{"start":{"line":633,"column":0},"end":{"line":633,"column":12}},"633":{"start":{"line":634,"column":0},"end":{"line":634,"column":11}},"634":{"start":{"line":635,"column":0},"end":{"line":635,"column":16}},"635":{"start":{"line":636,"column":0},"end":{"line":636,"column":8}},"636":{"start":{"line":637,"column":0},"end":{"line":637,"column":0}},"637":{"start":{"line":638,"column":0},"end":{"line":638,"column":41}},"638":{"start":{"line":639,"column":0},"end":{"line":639,"column":24}},"639":{"start":{"line":640,"column":0},"end":{"line":640,"column":24}},"640":{"start":{"line":641,"column":0},"end":{"line":641,"column":38}},"641":{"start":{"line":642,"column":0},"end":{"line":642,"column":26}},"642":{"start":{"line":643,"column":0},"end":{"line":643,"column":22}},"643":{"start":{"line":644,"column":0},"end":{"line":644,"column":20}},"644":{"start":{"line":645,"column":0},"end":{"line":645,"column":28}},"645":{"start":{"line":646,"column":0},"end":{"line":646,"column":28}},"646":{"start":{"line":647,"column":0},"end":{"line":647,"column":9}},"647":{"start":{"line":648,"column":0},"end":{"line":648,"column":22}},"648":{"start":{"line":649,"column":0},"end":{"line":649,"column":33}},"649":{"start":{"line":650,"column":0},"end":{"line":650,"column":31}},"650":{"start":{"line":651,"column":0},"end":{"line":651,"column":49}},"651":{"start":{"line":652,"column":0},"end":{"line":652,"column":14}},"652":{"start":{"line":653,"column":0},"end":{"line":653,"column":11}},"653":{"start":{"line":654,"column":0},"end":{"line":654,"column":26}},"654":{"start":{"line":655,"column":0},"end":{"line":655,"column":33}},"655":{"start":{"line":656,"column":0},"end":{"line":656,"column":28}},"656":{"start":{"line":657,"column":0},"end":{"line":657,"column":34}},"657":{"start":{"line":658,"column":0},"end":{"line":658,"column":14}},"658":{"start":{"line":659,"column":0},"end":{"line":659,"column":12}},"659":{"start":{"line":660,"column":0},"end":{"line":660,"column":7}},"660":{"start":{"line":661,"column":0},"end":{"line":661,"column":0}},"661":{"start":{"line":662,"column":0},"end":{"line":662,"column":18}},"662":{"start":{"line":663,"column":0},"end":{"line":663,"column":0}},"663":{"start":{"line":664,"column":0},"end":{"line":664,"column":33}},"664":{"start":{"line":665,"column":0},"end":{"line":665,"column":12}},"665":{"start":{"line":666,"column":0},"end":{"line":666,"column":34}},"666":{"start":{"line":667,"column":0},"end":{"line":667,"column":0}},"667":{"start":{"line":668,"column":0},"end":{"line":668,"column":49}},"668":{"start":{"line":669,"column":0},"end":{"line":669,"column":25}},"669":{"start":{"line":670,"column":0},"end":{"line":670,"column":12}},"670":{"start":{"line":671,"column":0},"end":{"line":671,"column":0}},"671":{"start":{"line":672,"column":0},"end":{"line":672,"column":30}},"672":{"start":{"line":673,"column":0},"end":{"line":673,"column":21}},"673":{"start":{"line":674,"column":0},"end":{"line":674,"column":72}},"674":{"start":{"line":675,"column":0},"end":{"line":675,"column":18}},"675":{"start":{"line":676,"column":0},"end":{"line":676,"column":10}},"676":{"start":{"line":677,"column":0},"end":{"line":677,"column":0}},"677":{"start":{"line":678,"column":0},"end":{"line":678,"column":31}},"678":{"start":{"line":679,"column":0},"end":{"line":679,"column":46}},"679":{"start":{"line":680,"column":0},"end":{"line":680,"column":12}},"680":{"start":{"line":681,"column":0},"end":{"line":681,"column":24}},"681":{"start":{"line":682,"column":0},"end":{"line":682,"column":30}},"682":{"start":{"line":683,"column":0},"end":{"line":683,"column":31}},"683":{"start":{"line":684,"column":0},"end":{"line":684,"column":34}},"684":{"start":{"line":685,"column":0},"end":{"line":685,"column":12}},"685":{"start":{"line":686,"column":0},"end":{"line":686,"column":8}},"686":{"start":{"line":687,"column":0},"end":{"line":687,"column":7}},"687":{"start":{"line":688,"column":0},"end":{"line":688,"column":0}},"688":{"start":{"line":689,"column":0},"end":{"line":689,"column":21}},"689":{"start":{"line":690,"column":0},"end":{"line":690,"column":28}},"690":{"start":{"line":691,"column":0},"end":{"line":691,"column":12}},"691":{"start":{"line":692,"column":0},"end":{"line":692,"column":44}},"692":{"start":{"line":693,"column":0},"end":{"line":693,"column":44}},"693":{"start":{"line":694,"column":0},"end":{"line":694,"column":0}},"694":{"start":{"line":695,"column":0},"end":{"line":695,"column":50}},"695":{"start":{"line":696,"column":0},"end":{"line":696,"column":31}},"696":{"start":{"line":697,"column":0},"end":{"line":697,"column":12}},"697":{"start":{"line":698,"column":0},"end":{"line":698,"column":0}},"698":{"start":{"line":699,"column":0},"end":{"line":699,"column":30}},"699":{"start":{"line":700,"column":0},"end":{"line":700,"column":21}},"700":{"start":{"line":701,"column":0},"end":{"line":701,"column":73}},"701":{"start":{"line":702,"column":0},"end":{"line":702,"column":18}},"702":{"start":{"line":703,"column":0},"end":{"line":703,"column":10}},"703":{"start":{"line":704,"column":0},"end":{"line":704,"column":0}},"704":{"start":{"line":705,"column":0},"end":{"line":705,"column":80}},"705":{"start":{"line":706,"column":0},"end":{"line":706,"column":80}},"706":{"start":{"line":707,"column":0},"end":{"line":707,"column":41}},"707":{"start":{"line":708,"column":0},"end":{"line":708,"column":34}},"708":{"start":{"line":709,"column":0},"end":{"line":709,"column":64}},"709":{"start":{"line":710,"column":0},"end":{"line":710,"column":18}},"710":{"start":{"line":711,"column":0},"end":{"line":711,"column":10}},"711":{"start":{"line":712,"column":0},"end":{"line":712,"column":0}},"712":{"start":{"line":713,"column":0},"end":{"line":713,"column":92}},"713":{"start":{"line":714,"column":0},"end":{"line":714,"column":36}},"714":{"start":{"line":715,"column":0},"end":{"line":715,"column":23}},"715":{"start":{"line":716,"column":0},"end":{"line":716,"column":29}},"716":{"start":{"line":717,"column":0},"end":{"line":717,"column":37}},"717":{"start":{"line":718,"column":0},"end":{"line":718,"column":37}},"718":{"start":{"line":719,"column":0},"end":{"line":719,"column":12}},"719":{"start":{"line":720,"column":0},"end":{"line":720,"column":0}},"720":{"start":{"line":721,"column":0},"end":{"line":721,"column":45}},"721":{"start":{"line":722,"column":0},"end":{"line":722,"column":31}},"722":{"start":{"line":723,"column":0},"end":{"line":723,"column":23}},"723":{"start":{"line":724,"column":0},"end":{"line":724,"column":29}},"724":{"start":{"line":725,"column":0},"end":{"line":725,"column":35}},"725":{"start":{"line":726,"column":0},"end":{"line":726,"column":17}},"726":{"start":{"line":727,"column":0},"end":{"line":727,"column":37}},"727":{"start":{"line":728,"column":0},"end":{"line":728,"column":37}},"728":{"start":{"line":729,"column":0},"end":{"line":729,"column":36}},"729":{"start":{"line":730,"column":0},"end":{"line":730,"column":12}},"730":{"start":{"line":731,"column":0},"end":{"line":731,"column":24}},"731":{"start":{"line":732,"column":0},"end":{"line":732,"column":30}},"732":{"start":{"line":733,"column":0},"end":{"line":733,"column":31}},"733":{"start":{"line":734,"column":0},"end":{"line":734,"column":34}},"734":{"start":{"line":735,"column":0},"end":{"line":735,"column":12}},"735":{"start":{"line":736,"column":0},"end":{"line":736,"column":8}},"736":{"start":{"line":737,"column":0},"end":{"line":737,"column":7}},"737":{"start":{"line":738,"column":0},"end":{"line":738,"column":0}},"738":{"start":{"line":739,"column":0},"end":{"line":739,"column":65}},"739":{"start":{"line":740,"column":0},"end":{"line":740,"column":29}},"740":{"start":{"line":741,"column":0},"end":{"line":741,"column":12}},"741":{"start":{"line":742,"column":0},"end":{"line":742,"column":40}},"742":{"start":{"line":743,"column":0},"end":{"line":743,"column":24}},"743":{"start":{"line":744,"column":0},"end":{"line":744,"column":31}},"744":{"start":{"line":745,"column":0},"end":{"line":745,"column":34}},"745":{"start":{"line":746,"column":0},"end":{"line":746,"column":12}},"746":{"start":{"line":747,"column":0},"end":{"line":747,"column":8}},"747":{"start":{"line":748,"column":0},"end":{"line":748,"column":7}},"748":{"start":{"line":749,"column":0},"end":{"line":749,"column":0}},"749":{"start":{"line":750,"column":0},"end":{"line":750,"column":43}},"750":{"start":{"line":751,"column":0},"end":{"line":751,"column":38}},"751":{"start":{"line":752,"column":0},"end":{"line":752,"column":12}},"752":{"start":{"line":753,"column":0},"end":{"line":753,"column":55}},"753":{"start":{"line":754,"column":0},"end":{"line":754,"column":55}},"754":{"start":{"line":755,"column":0},"end":{"line":755,"column":41}},"755":{"start":{"line":756,"column":0},"end":{"line":756,"column":17}},"756":{"start":{"line":757,"column":0},"end":{"line":757,"column":53}},"757":{"start":{"line":758,"column":0},"end":{"line":758,"column":11}},"758":{"start":{"line":759,"column":0},"end":{"line":759,"column":0}},"759":{"start":{"line":760,"column":0},"end":{"line":760,"column":67}},"760":{"start":{"line":761,"column":0},"end":{"line":761,"column":65}},"761":{"start":{"line":762,"column":0},"end":{"line":762,"column":16}},"762":{"start":{"line":763,"column":0},"end":{"line":763,"column":22}},"763":{"start":{"line":764,"column":0},"end":{"line":764,"column":28}},"764":{"start":{"line":765,"column":0},"end":{"line":765,"column":31}},"765":{"start":{"line":766,"column":0},"end":{"line":766,"column":35}},"766":{"start":{"line":767,"column":0},"end":{"line":767,"column":12}},"767":{"start":{"line":768,"column":0},"end":{"line":768,"column":8}},"768":{"start":{"line":769,"column":0},"end":{"line":769,"column":7}},"769":{"start":{"line":770,"column":0},"end":{"line":770,"column":0}},"770":{"start":{"line":771,"column":0},"end":{"line":771,"column":35}},"771":{"start":{"line":772,"column":0},"end":{"line":772,"column":12}},"772":{"start":{"line":773,"column":0},"end":{"line":773,"column":37}},"773":{"start":{"line":774,"column":0},"end":{"line":774,"column":36}},"774":{"start":{"line":775,"column":0},"end":{"line":775,"column":33}},"775":{"start":{"line":776,"column":0},"end":{"line":776,"column":25}},"776":{"start":{"line":777,"column":0},"end":{"line":777,"column":42}},"777":{"start":{"line":778,"column":0},"end":{"line":778,"column":30}},"778":{"start":{"line":779,"column":0},"end":{"line":779,"column":46}},"779":{"start":{"line":780,"column":0},"end":{"line":780,"column":16}},"780":{"start":{"line":781,"column":0},"end":{"line":781,"column":48}},"781":{"start":{"line":782,"column":0},"end":{"line":782,"column":56}},"782":{"start":{"line":783,"column":0},"end":{"line":783,"column":23}},"783":{"start":{"line":784,"column":0},"end":{"line":784,"column":42}},"784":{"start":{"line":785,"column":0},"end":{"line":785,"column":30}},"785":{"start":{"line":786,"column":0},"end":{"line":786,"column":52}},"786":{"start":{"line":787,"column":0},"end":{"line":787,"column":16}},"787":{"start":{"line":788,"column":0},"end":{"line":788,"column":18}},"788":{"start":{"line":789,"column":0},"end":{"line":789,"column":11}},"789":{"start":{"line":790,"column":0},"end":{"line":790,"column":24}},"790":{"start":{"line":791,"column":0},"end":{"line":791,"column":31}},"791":{"start":{"line":792,"column":0},"end":{"line":792,"column":34}},"792":{"start":{"line":793,"column":0},"end":{"line":793,"column":12}},"793":{"start":{"line":794,"column":0},"end":{"line":794,"column":8}},"794":{"start":{"line":795,"column":0},"end":{"line":795,"column":7}},"795":{"start":{"line":796,"column":0},"end":{"line":796,"column":5}}},"s":{"0":1,"1":1,"2":1,"3":1,"4":1,"5":1,"6":1,"7":1,"8":1,"9":1,"10":1,"11":1,"12":0,"13":0,"14":0,"15":0,"16":0,"17":0,"18":0,"19":0,"20":1,"21":1,"22":3,"23":3,"24":3,"25":3,"26":3,"27":0,"28":0,"29":0,"30":3,"31":3,"32":3,"33":3,"34":3,"35":0,"36":0,"37":0,"38":0,"39":0,"40":3,"41":1,"42":1,"43":2,"44":2,"45":2,"46":2,"47":2,"48":0,"49":0,"50":0,"51":2,"52":2,"53":2,"54":2,"55":2,"56":0,"57":0,"58":0,"59":0,"60":0,"61":2,"62":1,"63":1,"64":2,"65":2,"66":2,"67":1,"68":1,"69":1,"70":28,"71":28,"72":1,"73":1,"74":1,"75":1,"76":1,"77":1,"78":1,"79":1,"80":1,"81":1,"82":0,"83":0,"84":0,"85":0,"86":0,"87":28,"88":28,"89":28,"90":2,"91":2,"92":2,"93":2,"94":2,"95":2,"96":2,"97":2,"98":0,"99":0,"100":0,"101":0,"102":0,"103":28,"104":28,"105":28,"106":0,"107":0,"108":0,"109":0,"110":0,"111":0,"112":0,"113":0,"114":0,"115":0,"116":0,"117":0,"118":0,"119":28,"120":28,"121":28,"122":1,"123":1,"124":1,"125":1,"126":1,"127":1,"128":1,"129":1,"130":1,"131":1,"132":1,"133":1,"134":1,"135":1,"136":1,"137":1,"138":1,"139":1,"140":1,"141":1,"142":1,"143":1,"144":1,"145":1,"146":1,"147":1,"148":1,"149":1,"150":1,"151":1,"152":0,"153":0,"154":0,"155":0,"156":0,"157":28,"158":28,"159":28,"160":1,"161":1,"162":1,"163":1,"164":1,"165":1,"166":1,"167":1,"168":1,"169":1,"170":1,"171":1,"172":1,"173":1,"174":1,"175":1,"176":1,"177":1,"178":1,"179":1,"180":1,"181":1,"182":1,"183":1,"184":1,"185":1,"186":1,"187":1,"188":1,"189":1,"190":0,"191":0,"192":0,"193":0,"194":0,"195":28,"196":28,"197":28,"198":1,"199":1,"200":1,"201":1,"202":1,"203":1,"204":1,"205":1,"206":1,"207":1,"208":0,"209":1,"210":1,"211":0,"212":0,"213":0,"214":0,"215":0,"216":0,"217":0,"218":0,"219":0,"220":0,"221":0,"222":0,"223":0,"224":0,"225":0,"226":0,"227":0,"228":0,"229":0,"230":0,"231":0,"232":0,"233":0,"234":0,"235":0,"236":0,"237":0,"238":0,"239":0,"240":0,"241":0,"242":0,"243":0,"244":0,"245":0,"246":0,"247":0,"248":0,"249":0,"250":0,"251":0,"252":0,"253":0,"254":0,"255":0,"256":0,"257":0,"258":0,"259":0,"260":0,"261":0,"262":1,"263":1,"264":1,"265":1,"266":1,"267":1,"268":1,"269":1,"270":1,"271":1,"272":1,"273":1,"274":1,"275":1,"276":1,"277":1,"278":0,"279":0,"280":0,"281":0,"282":0,"283":28,"284":28,"285":28,"286":2,"287":2,"288":2,"289":2,"290":2,"291":2,"292":2,"293":2,"294":2,"295":1,"296":1,"297":1,"298":1,"299":1,"300":1,"301":1,"302":1,"303":2,"304":0,"305":0,"306":0,"307":0,"308":28,"309":28,"310":28,"311":3,"312":3,"313":3,"314":3,"315":3,"316":3,"317":3,"318":3,"319":3,"320":3,"321":1,"322":1,"323":1,"324":2,"325":2,"326":2,"327":2,"328":3,"329":1,"330":1,"331":1,"332":1,"333":1,"334":1,"335":1,"336":1,"337":1,"338":1,"339":1,"340":1,"341":1,"342":1,"343":1,"344":1,"345":1,"346":1,"347":1,"348":1,"349":1,"350":1,"351":3,"352":0,"353":0,"354":0,"355":0,"356":28,"357":28,"358":28,"359":1,"360":28,"361":28,"362":28,"363":1,"364":1,"365":1,"366":1,"367":1,"368":1,"369":1,"370":1,"371":1,"372":1,"373":1,"374":1,"375":1,"376":0,"377":0,"378":0,"379":0,"380":28,"381":28,"382":28,"383":15,"384":15,"385":15,"386":15,"387":4,"388":4,"389":4,"390":11,"391":11,"392":15,"393":4,"394":4,"395":4,"396":7,"397":15,"398":0,"399":0,"400":0,"401":0,"402":28,"403":28,"404":28,"405":4,"406":28,"407":28,"408":28,"409":4,"410":28,"411":28,"412":28,"413":4,"414":28,"415":28,"416":28,"417":0,"418":0,"419":0,"420":0,"421":0,"422":0,"423":0,"424":0,"425":0,"426":0,"427":0,"428":0,"429":0,"430":0,"431":0,"432":0,"433":0,"434":0,"435":0,"436":0,"437":0,"438":0,"439":0,"440":1,"441":1,"442":1,"443":1,"444":1,"445":1,"446":1,"447":1,"448":1,"449":1,"450":1,"451":1,"452":1,"453":1,"454":1,"455":1,"456":1,"457":1,"458":1,"459":1,"460":1,"461":1,"462":1,"463":1,"464":1,"465":1,"466":1,"467":1,"468":1,"469":1,"470":1,"471":1,"472":1,"473":1,"474":1,"475":1,"476":1,"477":1,"478":1,"479":1,"480":1,"481":1,"482":1,"483":1,"484":1,"485":1,"486":1,"487":1,"488":1,"489":1,"490":1,"491":1,"492":1,"493":1,"494":1,"495":1,"496":1,"497":1,"498":1,"499":1,"500":1,"501":1,"502":1,"503":1,"504":1,"505":1,"506":1,"507":1,"508":1,"509":1,"510":1,"511":1,"512":1,"513":1,"514":1,"515":1,"516":1,"517":1,"518":1,"519":1,"520":1,"521":1,"522":1,"523":1,"524":1,"525":1,"526":1,"527":1,"528":1,"529":1,"530":1,"531":1,"532":1,"533":1,"534":1,"535":1,"536":1,"537":1,"538":1,"539":1,"540":1,"541":1,"542":1,"543":1,"544":1,"545":1,"546":1,"547":1,"548":1,"549":1,"550":1,"551":1,"552":1,"553":1,"554":1,"555":1,"556":1,"557":1,"558":1,"559":1,"560":1,"561":1,"562":1,"563":1,"564":1,"565":1,"566":1,"567":1,"568":1,"569":1,"570":1,"571":1,"572":1,"573":1,"574":1,"575":1,"576":1,"577":1,"578":1,"579":1,"580":1,"581":1,"582":1,"583":1,"584":1,"585":1,"586":1,"587":1,"588":1,"589":1,"590":1,"591":1,"592":1,"593":1,"594":1,"595":1,"596":1,"597":1,"598":1,"599":1,"600":1,"601":1,"602":1,"603":1,"604":1,"605":1,"606":1,"607":1,"608":1,"609":1,"610":1,"611":1,"612":1,"613":1,"614":1,"615":1,"616":1,"617":1,"618":1,"619":1,"620":1,"621":1,"622":1,"623":1,"624":1,"625":1,"626":1,"627":1,"628":1,"629":1,"630":1,"631":1,"632":1,"633":1,"634":1,"635":1,"636":1,"637":1,"638":1,"639":1,"640":1,"641":1,"642":1,"643":1,"644":1,"645":1,"646":1,"647":1,"648":1,"649":1,"650":1,"651":1,"652":1,"653":1,"654":1,"655":1,"656":1,"657":1,"658":1,"659":1,"660":1,"661":1,"662":1,"663":1,"664":1,"665":1,"666":1,"667":1,"668":1,"669":1,"670":1,"671":1,"672":1,"673":1,"674":1,"675":1,"676":1,"677":1,"678":1,"679":1,"680":1,"681":1,"682":1,"683":1,"684":1,"685":1,"686":1,"687":1,"688":1,"689":1,"690":1,"691":1,"692":1,"693":1,"694":1,"695":1,"696":1,"697":1,"698":1,"699":1,"700":1,"701":1,"702":1,"703":1,"704":1,"705":1,"706":1,"707":1,"708":1,"709":1,"710":1,"711":1,"712":1,"713":1,"714":1,"715":1,"716":1,"717":1,"718":1,"719":1,"720":1,"721":1,"722":1,"723":1,"724":1,"725":1,"726":1,"727":1,"728":1,"729":1,"730":1,"731":1,"732":1,"733":1,"734":1,"735":1,"736":1,"737":1,"738":1,"739":1,"740":1,"741":1,"742":1,"743":1,"744":1,"745":1,"746":1,"747":1,"748":1,"749":1,"750":1,"751":1,"752":1,"753":1,"754":1,"755":1,"756":1,"757":1,"758":1,"759":1,"760":1,"761":1,"762":1,"763":1,"764":1,"765":1,"766":1,"767":1,"768":1,"769":1,"770":1,"771":1,"772":1,"773":1,"774":1,"775":1,"776":1,"777":1,"778":1,"779":1,"780":1,"781":1,"782":1,"783":1,"784":1,"785":1,"786":1,"787":1,"788":1,"789":1,"790":1,"791":1,"792":1,"793":1,"794":1,"795":1},"branchMap":{"0":{"type":"branch","line":23,"loc":{"start":{"line":23,"column":0},"end":{"line":41,"column":1}},"locations":[{"start":{"line":23,"column":0},"end":{"line":41,"column":1}}]},"1":{"type":"branch","line":35,"loc":{"start":{"line":35,"column":4},"end":{"line":40,"column":3}},"locations":[{"start":{"line":35,"column":4},"end":{"line":40,"column":3}}]},"2":{"type":"branch","line":25,"loc":{"start":{"line":25,"column":23},"end":{"line":34,"column":5}},"locations":[{"start":{"line":25,"column":23},"end":{"line":34,"column":5}}]},"3":{"type":"branch","line":26,"loc":{"start":{"line":26,"column":34},"end":{"line":33,"column":7}},"locations":[{"start":{"line":26,"column":34},"end":{"line":33,"column":7}}]},"4":{"type":"branch","line":27,"loc":{"start":{"line":27,"column":19},"end":{"line":30,"column":9}},"locations":[{"start":{"line":27,"column":19},"end":{"line":30,"column":9}}]},"5":{"type":"branch","line":44,"loc":{"start":{"line":44,"column":0},"end":{"line":62,"column":1}},"locations":[{"start":{"line":44,"column":0},"end":{"line":62,"column":1}}]},"6":{"type":"branch","line":56,"loc":{"start":{"line":56,"column":4},"end":{"line":61,"column":3}},"locations":[{"start":{"line":56,"column":4},"end":{"line":61,"column":3}}]},"7":{"type":"branch","line":46,"loc":{"start":{"line":46,"column":23},"end":{"line":55,"column":5}},"locations":[{"start":{"line":46,"column":23},"end":{"line":55,"column":5}}]},"8":{"type":"branch","line":47,"loc":{"start":{"line":47,"column":50},"end":{"line":54,"column":7}},"locations":[{"start":{"line":47,"column":50},"end":{"line":54,"column":7}}]},"9":{"type":"branch","line":48,"loc":{"start":{"line":48,"column":19},"end":{"line":51,"column":9}},"locations":[{"start":{"line":48,"column":19},"end":{"line":51,"column":9}}]},"10":{"type":"branch","line":65,"loc":{"start":{"line":65,"column":0},"end":{"line":67,"column":1}},"locations":[{"start":{"line":65,"column":0},"end":{"line":67,"column":1}}]},"11":{"type":"branch","line":70,"loc":{"start":{"line":70,"column":2},"end":{"line":72,"column":3}},"locations":[{"start":{"line":70,"column":2},"end":{"line":72,"column":3}}]},"12":{"type":"branch","line":74,"loc":{"start":{"line":74,"column":2},"end":{"line":440,"column":3}},"locations":[{"start":{"line":74,"column":2},"end":{"line":440,"column":3}}]},"13":{"type":"branch","line":74,"loc":{"start":{"line":74,"column":13},"end":{"line":88,"column":3}},"locations":[{"start":{"line":74,"column":13},"end":{"line":88,"column":3}}]},"14":{"type":"branch","line":82,"loc":{"start":{"line":82,"column":6},"end":{"line":87,"column":5}},"locations":[{"start":{"line":82,"column":6},"end":{"line":87,"column":5}}]},"15":{"type":"branch","line":90,"loc":{"start":{"line":90,"column":15},"end":{"line":104,"column":3}},"locations":[{"start":{"line":90,"column":15},"end":{"line":104,"column":3}}]},"16":{"type":"branch","line":98,"loc":{"start":{"line":98,"column":6},"end":{"line":103,"column":5}},"locations":[{"start":{"line":98,"column":6},"end":{"line":103,"column":5}}]},"17":{"type":"branch","line":122,"loc":{"start":{"line":122,"column":13},"end":{"line":158,"column":3}},"locations":[{"start":{"line":122,"column":13},"end":{"line":158,"column":3}}]},"18":{"type":"branch","line":152,"loc":{"start":{"line":152,"column":6},"end":{"line":157,"column":5}},"locations":[{"start":{"line":152,"column":6},"end":{"line":157,"column":5}}]},"19":{"type":"branch","line":160,"loc":{"start":{"line":160,"column":16},"end":{"line":196,"column":3}},"locations":[{"start":{"line":160,"column":16},"end":{"line":196,"column":3}}]},"20":{"type":"branch","line":190,"loc":{"start":{"line":190,"column":6},"end":{"line":195,"column":5}},"locations":[{"start":{"line":190,"column":6},"end":{"line":195,"column":5}}]},"21":{"type":"branch","line":198,"loc":{"start":{"line":198,"column":15},"end":{"line":284,"column":3}},"locations":[{"start":{"line":198,"column":15},"end":{"line":284,"column":3}}]},"22":{"type":"branch","line":209,"loc":{"start":{"line":209,"column":-2},"end":{"line":209,"column":27}},"locations":[{"start":{"line":209,"column":-2},"end":{"line":209,"column":27}}]},"23":{"type":"branch","line":211,"loc":{"start":{"line":211,"column":47},"end":{"line":262,"column":7}},"locations":[{"start":{"line":211,"column":47},"end":{"line":262,"column":7}}]},"24":{"type":"branch","line":278,"loc":{"start":{"line":278,"column":6},"end":{"line":283,"column":5}},"locations":[{"start":{"line":278,"column":6},"end":{"line":283,"column":5}}]},"25":{"type":"branch","line":286,"loc":{"start":{"line":286,"column":15},"end":{"line":309,"column":3}},"locations":[{"start":{"line":286,"column":15},"end":{"line":309,"column":3}}]},"26":{"type":"branch","line":295,"loc":{"start":{"line":295,"column":17},"end":{"line":304,"column":6}},"locations":[{"start":{"line":295,"column":17},"end":{"line":304,"column":6}}]},"27":{"type":"branch","line":304,"loc":{"start":{"line":304,"column":6},"end":{"line":308,"column":5}},"locations":[{"start":{"line":304,"column":6},"end":{"line":308,"column":5}}]},"28":{"type":"branch","line":311,"loc":{"start":{"line":311,"column":10},"end":{"line":357,"column":3}},"locations":[{"start":{"line":311,"column":10},"end":{"line":357,"column":3}}]},"29":{"type":"branch","line":321,"loc":{"start":{"line":321,"column":17},"end":{"line":324,"column":7}},"locations":[{"start":{"line":321,"column":17},"end":{"line":324,"column":7}}]},"30":{"type":"branch","line":324,"loc":{"start":{"line":324,"column":6},"end":{"line":329,"column":30}},"locations":[{"start":{"line":324,"column":6},"end":{"line":329,"column":30}}]},"31":{"type":"branch","line":329,"loc":{"start":{"line":329,"column":30},"end":{"line":352,"column":6}},"locations":[{"start":{"line":329,"column":30},"end":{"line":352,"column":6}}]},"32":{"type":"branch","line":352,"loc":{"start":{"line":352,"column":6},"end":{"line":356,"column":5}},"locations":[{"start":{"line":352,"column":6},"end":{"line":356,"column":5}}]},"33":{"type":"branch","line":359,"loc":{"start":{"line":359,"column":11},"end":{"line":361,"column":3}},"locations":[{"start":{"line":359,"column":11},"end":{"line":361,"column":3}}]},"34":{"type":"branch","line":363,"loc":{"start":{"line":363,"column":14},"end":{"line":381,"column":3}},"locations":[{"start":{"line":363,"column":14},"end":{"line":381,"column":3}}]},"35":{"type":"branch","line":376,"loc":{"start":{"line":376,"column":6},"end":{"line":380,"column":5}},"locations":[{"start":{"line":376,"column":6},"end":{"line":380,"column":5}}]},"36":{"type":"branch","line":383,"loc":{"start":{"line":383,"column":16},"end":{"line":403,"column":3}},"locations":[{"start":{"line":383,"column":16},"end":{"line":403,"column":3}}]},"37":{"type":"branch","line":387,"loc":{"start":{"line":387,"column":8},"end":{"line":390,"column":11}},"locations":[{"start":{"line":387,"column":8},"end":{"line":390,"column":11}}]},"38":{"type":"branch","line":390,"loc":{"start":{"line":390,"column":10},"end":{"line":392,"column":18}},"locations":[{"start":{"line":390,"column":10},"end":{"line":392,"column":18}}]},"39":{"type":"branch","line":393,"loc":{"start":{"line":393,"column":8},"end":{"line":396,"column":11}},"locations":[{"start":{"line":393,"column":8},"end":{"line":396,"column":11}}]},"40":{"type":"branch","line":396,"loc":{"start":{"line":396,"column":10},"end":{"line":398,"column":6}},"locations":[{"start":{"line":396,"column":10},"end":{"line":398,"column":6}}]},"41":{"type":"branch","line":398,"loc":{"start":{"line":398,"column":6},"end":{"line":402,"column":5}},"locations":[{"start":{"line":398,"column":6},"end":{"line":402,"column":5}}]},"42":{"type":"branch","line":405,"loc":{"start":{"line":405,"column":18},"end":{"line":407,"column":3}},"locations":[{"start":{"line":405,"column":18},"end":{"line":407,"column":3}}]},"43":{"type":"branch","line":409,"loc":{"start":{"line":409,"column":19},"end":{"line":411,"column":3}},"locations":[{"start":{"line":409,"column":19},"end":{"line":411,"column":3}}]},"44":{"type":"branch","line":413,"loc":{"start":{"line":413,"column":24},"end":{"line":415,"column":3}},"locations":[{"start":{"line":413,"column":24},"end":{"line":415,"column":3}}]}},"b":{"0":[3],"1":[0],"2":[3],"3":[3],"4":[0],"5":[2],"6":[0],"7":[2],"8":[2],"9":[0],"10":[2],"11":[28],"12":[28],"13":[1],"14":[0],"15":[2],"16":[0],"17":[1],"18":[0],"19":[1],"20":[0],"21":[1],"22":[0],"23":[0],"24":[0],"25":[2],"26":[1],"27":[0],"28":[3],"29":[1],"30":[2],"31":[1],"32":[0],"33":[1],"34":[1],"35":[0],"36":[15],"37":[4],"38":[11],"39":[4],"40":[7],"41":[0],"42":[4],"43":[4],"44":[4]},"fnMap":{"0":{"name":"createTokenGoogle","decl":{"start":{"line":13,"column":0},"end":{"line":20,"column":1}},"loc":{"start":{"line":13,"column":0},"end":{"line":20,"column":1}},"line":13},"1":{"name":"encryptPassword","decl":{"start":{"line":23,"column":0},"end":{"line":41,"column":1}},"loc":{"start":{"line":23,"column":0},"end":{"line":41,"column":1}},"line":23},"2":{"name":"checkPassword","decl":{"start":{"line":44,"column":0},"end":{"line":62,"column":1}},"loc":{"start":{"line":44,"column":0},"end":{"line":62,"column":1}},"line":44},"3":{"name":"createToken","decl":{"start":{"line":65,"column":0},"end":{"line":67,"column":1}},"loc":{"start":{"line":65,"column":0},"end":{"line":67,"column":1}},"line":65},"4":{"name":"UserController","decl":{"start":{"line":70,"column":2},"end":{"line":72,"column":3}},"loc":{"start":{"line":70,"column":2},"end":{"line":72,"column":3}},"line":70},"5":{"name":"<instance_members_initializer>","decl":{"start":{"line":74,"column":2},"end":{"line":440,"column":3}},"loc":{"start":{"line":74,"column":2},"end":{"line":440,"column":3}},"line":74},"6":{"name":"listUser","decl":{"start":{"line":74,"column":13},"end":{"line":88,"column":3}},"loc":{"start":{"line":74,"column":13},"end":{"line":88,"column":3}},"line":74},"7":{"name":"listMember","decl":{"start":{"line":90,"column":15},"end":{"line":104,"column":3}},"loc":{"start":{"line":90,"column":15},"end":{"line":104,"column":3}},"line":90},"8":{"name":"listAdmin","decl":{"start":{"line":106,"column":14},"end":{"line":120,"column":3}},"loc":{"start":{"line":106,"column":14},"end":{"line":120,"column":3}},"line":106},"9":{"name":"register","decl":{"start":{"line":122,"column":13},"end":{"line":158,"column":3}},"loc":{"start":{"line":122,"column":13},"end":{"line":158,"column":3}},"line":122},"10":{"name":"createAdmin","decl":{"start":{"line":160,"column":16},"end":{"line":196,"column":3}},"loc":{"start":{"line":160,"column":16},"end":{"line":196,"column":3}},"line":160},"11":{"name":"updateUser","decl":{"start":{"line":198,"column":15},"end":{"line":284,"column":3}},"loc":{"start":{"line":198,"column":15},"end":{"line":284,"column":3}},"line":198},"12":{"name":"deleteUser","decl":{"start":{"line":286,"column":15},"end":{"line":309,"column":3}},"loc":{"start":{"line":286,"column":15},"end":{"line":309,"column":3}},"line":286},"13":{"name":"login","decl":{"start":{"line":311,"column":10},"end":{"line":357,"column":3}},"loc":{"start":{"line":311,"column":10},"end":{"line":357,"column":3}},"line":311},"14":{"name":"whoAmI","decl":{"start":{"line":359,"column":11},"end":{"line":361,"column":3}},"loc":{"start":{"line":359,"column":11},"end":{"line":361,"column":3}},"line":359},"15":{"name":"authorize","decl":{"start":{"line":363,"column":14},"end":{"line":381,"column":3}},"loc":{"start":{"line":363,"column":14},"end":{"line":381,"column":3}},"line":363},"16":{"name":"verifyRoles","decl":{"start":{"line":383,"column":16},"end":{"line":403,"column":3}},"loc":{"start":{"line":383,"column":16},"end":{"line":403,"column":3}},"line":383},"17":{"name":"authorizeUser","decl":{"start":{"line":405,"column":18},"end":{"line":407,"column":3}},"loc":{"start":{"line":405,"column":18},"end":{"line":407,"column":3}},"line":405},"18":{"name":"authorizeAdmin","decl":{"start":{"line":409,"column":19},"end":{"line":411,"column":3}},"loc":{"start":{"line":409,"column":19},"end":{"line":411,"column":3}},"line":409},"19":{"name":"authorizeSuperAdmin","decl":{"start":{"line":413,"column":24},"end":{"line":415,"column":3}},"loc":{"start":{"line":413,"column":24},"end":{"line":415,"column":3}},"line":413},"20":{"name":"handleGoogleLoginOrRegister","decl":{"start":{"line":417,"column":32},"end":{"line":440,"column":3}},"loc":{"start":{"line":417,"column":32},"end":{"line":440,"column":3}},"line":417}},"f":{"0":0,"1":3,"2":2,"3":2,"4":28,"5":28,"6":1,"7":2,"8":0,"9":1,"10":1,"11":1,"12":2,"13":3,"14":1,"15":1,"16":15,"17":4,"18":4,"19":4,"20":0}}
[...]
,"D:\\Final-Project-BE\\config\\cloudinary.js": {"path":"D:\\Final-Project-BE\\config\\cloudinary.js","all":false,"statementMap":{"0":{"start":{"line":1,"column":0},"end":{"line":1,"column":43}},"1":{"start":{"line":2,"column":0},"end":{"line":2,"column":32}},"2":{"start":{"line":3,"column":0},"end":{"line":3,"column":0}},"3":{"start":{"line":4,"column":0},"end":{"line":4,"column":16}},"4":{"start":{"line":5,"column":0},"end":{"line":5,"column":0}},"5":{"start":{"line":6,"column":0},"end":{"line":6,"column":19}},"6":{"start":{"line":7,"column":0},"end":{"line":7,"column":39}},"7":{"start":{"line":8,"column":0},"end":{"line":8,"column":33}},"8":{"start":{"line":9,"column":0},"end":{"line":9,"column":39}},"9":{"start":{"line":10,"column":0},"end":{"line":10,"column":16}},"10":{"start":{"line":11,"column":0},"end":{"line":11,"column":3}},"11":{"start":{"line":12,"column":0},"end":{"line":12,"column":0}},"12":{"start":{"line":13,"column":0},"end":{"line":13,"column":27}}},"s":{"0":1,"1":1,"2":1,"3":1,"4":1,"5":1,"6":1,"7":1,"8":1,"9":1,"10":1,"11":1,"12":1},"branchMap":{},"b":{},"fnMap":{},"f":{}}
,"D:\\Final-Project-BE\\config\\database.js": {"path":"D:\\Final-Project-BE\\config\\database.js","all":false,"statementMap":{"0":{"start":{"line":1,"column":0},"end":{"line":1,"column":3}},"1":{"start":{"line":2,"column":0},"end":{"line":2,"column":51}},"2":{"start":{"line":3,"column":0},"end":{"line":3,"column":36}},"3":{"start":{"line":4,"column":0},"end":{"line":4,"column":3}},"4":{"start":{"line":5,"column":0},"end":{"line":5,"column":0}},"5":{"start":{"line":6,"column":0},"end":{"line":6,"column":66}},"6":{"start":{"line":7,"column":0},"end":{"line":7,"column":39}},"7":{"start":{"line":8,"column":0},"end":{"line":8,"column":0}},"8":{"start":{"line":9,"column":0},"end":{"line":9,"column":32}},"9":{"start":{"line":10,"column":0},"end":{"line":10,"column":0}},"10":{"start":{"line":11,"column":0},"end":{"line":11,"column":16}},"11":{"start":{"line":12,"column":0},"end":{"line":12,"column":0}},"12":{"start":{"line":13,"column":0},"end":{"line":13,"column":7}},"13":{"start":{"line":14,"column":0},"end":{"line":14,"column":40}},"14":{"start":{"line":15,"column":0},"end":{"line":15,"column":40}},"15":{"start":{"line":16,"column":0},"end":{"line":16,"column":32}},"16":{"start":{"line":17,"column":0},"end":{"line":17,"column":32}},"17":{"start":{"line":18,"column":0},"end":{"line":18,"column":32}},"18":{"start":{"line":19,"column":0},"end":{"line":19,"column":30}},"19":{"start":{"line":20,"column":0},"end":{"line":20,"column":16}},"20":{"start":{"line":21,"column":0},"end":{"line":21,"column":0}},"21":{"start":{"line":22,"column":0},"end":{"line":22,"column":34}},"22":{"start":{"line":23,"column":0},"end":{"line":23,"column":11}},"23":{"start":{"line":24,"column":0},"end":{"line":24,"column":21}},"24":{"start":{"line":25,"column":0},"end":{"line":25,"column":3}},"25":{"start":{"line":26,"column":0},"end":{"line":26,"column":2}},"26":{"start":{"line":27,"column":0},"end":{"line":27,"column":0}},"27":{"start":{"line":28,"column":0},"end":{"line":28,"column":18}},"28":{"start":{"line":29,"column":0},"end":{"line":29,"column":16}},"29":{"start":{"line":30,"column":0},"end":{"line":30,"column":26}},"30":{"start":{"line":31,"column":0},"end":{"line":31,"column":26}},"31":{"start":{"line":32,"column":0},"end":{"line":32,"column":22}},"32":{"start":{"line":33,"column":0},"end":{"line":33,"column":18}},"33":{"start":{"line":34,"column":0},"end":{"line":34,"column":18}},"34":{"start":{"line":35,"column":0},"end":{"line":35,"column":24}},"35":{"start":{"line":36,"column":0},"end":{"line":36,"column":4}},"36":{"start":{"line":37,"column":0},"end":{"line":37,"column":9}},"37":{"start":{"line":38,"column":0},"end":{"line":38,"column":26}},"38":{"start":{"line":39,"column":0},"end":{"line":39,"column":26}},"39":{"start":{"line":40,"column":0},"end":{"line":40,"column":22}},"40":{"start":{"line":41,"column":0},"end":{"line":41,"column":18}},"41":{"start":{"line":42,"column":0},"end":{"line":42,"column":18}},"42":{"start":{"line":43,"column":0},"end":{"line":43,"column":24}},"43":{"start":{"line":44,"column":0},"end":{"line":44,"column":4}},"44":{"start":{"line":45,"column":0},"end":{"line":45,"column":15}},"45":{"start":{"line":46,"column":0},"end":{"line":46,"column":26}},"46":{"start":{"line":47,"column":0},"end":{"line":47,"column":26}},"47":{"start":{"line":48,"column":0},"end":{"line":48,"column":22}},"48":{"start":{"line":49,"column":0},"end":{"line":49,"column":18}},"49":{"start":{"line":50,"column":0},"end":{"line":50,"column":18}},"50":{"start":{"line":51,"column":0},"end":{"line":51,"column":24}},"51":{"start":{"line":52,"column":0},"end":{"line":52,"column":4}},"52":{"start":{"line":53,"column":0},"end":{"line":53,"column":4}},"53":{"start":{"line":54,"column":0},"end":{"line":54,"column":2}},"54":{"start":{"line":55,"column":0},"end":{"line":55,"column":0}},"55":{"start":{"line":56,"column":0},"end":{"line":56,"column":15}},"56":{"start":{"line":57,"column":0},"end":{"line":57,"column":0}},"57":{"start":{"line":58,"column":0},"end":{"line":58,"column":42}},"58":{"start":{"line":59,"column":0},"end":{"line":59,"column":0}},"59":{"start":{"line":60,"column":0},"end":{"line":60,"column":35}},"60":{"start":{"line":61,"column":0},"end":{"line":61,"column":0}},"61":{"start":{"line":62,"column":0},"end":{"line":62,"column":19}},"62":{"start":{"line":63,"column":0},"end":{"line":63,"column":0}},"63":{"start":{"line":64,"column":0},"end":{"line":64,"column":10}},"64":{"start":{"line":65,"column":0},"end":{"line":65,"column":43}},"65":{"start":{"line":66,"column":0},"end":{"line":66,"column":43}},"66":{"start":{"line":67,"column":0},"end":{"line":67,"column":35}},"67":{"start":{"line":68,"column":0},"end":{"line":68,"column":35}},"68":{"start":{"line":69,"column":0},"end":{"line":69,"column":19}},"69":{"start":{"line":70,"column":0},"end":{"line":70,"column":0}},"70":{"start":{"line":71,"column":0},"end":{"line":71,"column":21}},"71":{"start":{"line":72,"column":0},"end":{"line":72,"column":19}},"72":{"start":{"line":73,"column":0},"end":{"line":73,"column":29}},"73":{"start":{"line":74,"column":0},"end":{"line":74,"column":29}},"74":{"start":{"line":75,"column":0},"end":{"line":75,"column":25}},"75":{"start":{"line":76,"column":0},"end":{"line":76,"column":21}},"76":{"start":{"line":77,"column":0},"end":{"line":77,"column":27}},"77":{"start":{"line":78,"column":0},"end":{"line":78,"column":7}},"78":{"start":{"line":79,"column":0},"end":{"line":79,"column":12}},"79":{"start":{"line":80,"column":0},"end":{"line":80,"column":29}},"80":{"start":{"line":81,"column":0},"end":{"line":81,"column":29}},"81":{"start":{"line":82,"column":0},"end":{"line":82,"column":25}},"82":{"start":{"line":83,"column":0},"end":{"line":83,"column":21}},"83":{"start":{"line":84,"column":0},"end":{"line":84,"column":27}},"84":{"start":{"line":85,"column":0},"end":{"line":85,"column":7}},"85":{"start":{"line":86,"column":0},"end":{"line":86,"column":18}},"86":{"start":{"line":87,"column":0},"end":{"line":87,"column":29}},"87":{"start":{"line":88,"column":0},"end":{"line":88,"column":29}},"88":{"start":{"line":89,"column":0},"end":{"line":89,"column":25}},"89":{"start":{"line":90,"column":0},"end":{"line":90,"column":21}},"90":{"start":{"line":91,"column":0},"end":{"line":91,"column":27}},"91":{"start":{"line":92,"column":0},"end":{"line":92,"column":7}},"92":{"start":{"line":93,"column":0},"end":{"line":93,"column":5}}},"s":{"0":1,"1":1,"2":1,"3":1,"4":1,"5":1,"6":1,"7":1,"8":1,"9":1,"10":1,"11":1,"12":1,"13":1,"14":1,"15":1,"16":1,"17":1,"18":1,"19":1,"20":1,"21":1,"22":1,"23":1,"24":1,"25":1,"26":1,"27":1,"28":1,"29":1,"30":1,"31":1,"32":1,"33":1,"34":1,"35":1,"36":1,"37":1,"38":1,"39":1,"40":1,"41":1,"42":1,"43":1,"44":1,"45":1,"46":1,"47":1,"48":1,"49":1,"50":1,"51":1,"52":1,"53":1,"54":1,"55":1,"56":1,"57":1,"58":1,"59":1,"60":1,"61":1,"62":1,"63":1,"64":1,"65":1,"66":1,"67":1,"68":1,"69":1,"70":1,"71":1,"72":1,"73":1,"74":1,"75":1,"76":1,"77":1,"78":1,"79":1,"80":1,"81":1,"82":1,"83":1,"84":1,"85":1,"86":1,"87":1,"88":1,"89":1,"90":1,"91":1,"92":1},"branchMap":{},"b":{},"fnMap":{},"f":{}}
,"D:\\Final-Project-BE\\test\\mock.js": {"path":"D:\\Final-Project-BE\\test\\mock.js","all":false,"statementMap":{"0":{"start":{"line":1,"column":0},"end":{"line":1,"column":35}},"1":{"start":{"line":2,"column":0},"end":{"line":2,"column":16}},"2":{"start":{"line":3,"column":0},"end":{"line":3,"column":31}},"3":{"start":{"line":4,"column":0},"end":{"line":4,"column":20}},"4":{"start":{"line":5,"column":0},"end":{"line":5,"column":34}},"5":{"start":{"line":6,"column":0},"end":{"line":6,"column":50}},"6":{"start":{"line":7,"column":0},"end":{"line":7,"column":0}},"7":{"start":{"line":8,"column":0},"end":{"line":8,"column":0}},"8":{"start":{"line":9,"column":0},"end":{"line":9,"column":14}},"9":{"start":{"line":10,"column":0},"end":{"line":10,"column":8}},"10":{"start":{"line":11,"column":0},"end":{"line":11,"column":39}},"11":{"start":{"line":12,"column":0},"end":{"line":12,"column":37}},"12":{"start":{"line":13,"column":0},"end":{"line":13,"column":4}},"13":{"start":{"line":14,"column":0},"end":{"line":14,"column":0}},"14":{"start":{"line":15,"column":0},"end":{"line":15,"column":9}},"15":{"start":{"line":16,"column":0},"end":{"line":16,"column":10}},"16":{"start":{"line":17,"column":0},"end":{"line":17,"column":28}},"17":{"start":{"line":18,"column":0},"end":{"line":18,"column":44}},"18":{"start":{"line":19,"column":0},"end":{"line":19,"column":19}},"19":{"start":{"line":20,"column":0},"end":{"line":20,"column":17}},"20":{"start":{"line":21,"column":0},"end":{"line":21,"column":21}},"21":{"start":{"line":22,"column":0},"end":{"line":22,"column":24}},"22":{"start":{"line":23,"column":0},"end":{"line":23,"column":16}},"23":{"start":{"line":24,"column":0},"end":{"line":24,"column":32}},"24":{"start":{"line":25,"column":0},"end":{"line":25,"column":72}},"25":{"start":{"line":26,"column":0},"end":{"line":26,"column":26}},"26":{"start":{"line":27,"column":0},"end":{"line":27,"column":26}},"27":{"start":{"line":28,"column":0},"end":{"line":28,"column":4}},"28":{"start":{"line":29,"column":0},"end":{"line":29,"column":0}},"29":{"start":{"line":30,"column":0},"end":{"line":30,"column":10}},"30":{"start":{"line":31,"column":0},"end":{"line":31,"column":10}},"31":{"start":{"line":32,"column":0},"end":{"line":32,"column":29}},"32":{"start":{"line":33,"column":0},"end":{"line":33,"column":45}},"33":{"start":{"line":34,"column":0},"end":{"line":34,"column":18}},"34":{"start":{"line":35,"column":0},"end":{"line":35,"column":18}},"35":{"start":{"line":36,"column":0},"end":{"line":36,"column":22}},"36":{"start":{"line":37,"column":0},"end":{"line":37,"column":24}},"37":{"start":{"line":38,"column":0},"end":{"line":38,"column":16}},"38":{"start":{"line":39,"column":0},"end":{"line":39,"column":32}},"39":{"start":{"line":40,"column":0},"end":{"line":40,"column":72}},"40":{"start":{"line":41,"column":0},"end":{"line":41,"column":26}},"41":{"start":{"line":42,"column":0},"end":{"line":42,"column":26}},"42":{"start":{"line":43,"column":0},"end":{"line":43,"column":4}},"43":{"start":{"line":44,"column":0},"end":{"line":44,"column":0}},"44":{"start":{"line":45,"column":0},"end":{"line":45,"column":15}},"45":{"start":{"line":46,"column":0},"end":{"line":46,"column":10}},"46":{"start":{"line":47,"column":0},"end":{"line":47,"column":34}},"47":{"start":{"line":48,"column":0},"end":{"line":48,"column":50}},"48":{"start":{"line":49,"column":0},"end":{"line":49,"column":23}},"49":{"start":{"line":50,"column":0},"end":{"line":50,"column":24}},"50":{"start":{"line":51,"column":0},"end":{"line":51,"column":27}},"51":{"start":{"line":52,"column":0},"end":{"line":52,"column":24}},"52":{"start":{"line":53,"column":0},"end":{"line":53,"column":16}},"53":{"start":{"line":54,"column":0},"end":{"line":54,"column":32}},"54":{"start":{"line":55,"column":0},"end":{"line":55,"column":72}},"55":{"start":{"line":56,"column":0},"end":{"line":56,"column":26}},"56":{"start":{"line":57,"column":0},"end":{"line":57,"column":26}},"57":{"start":{"line":58,"column":0},"end":{"line":58,"column":4}},"58":{"start":{"line":59,"column":0},"end":{"line":59,"column":0}},"59":{"start":{"line":60,"column":0},"end":{"line":60,"column":12}},"60":{"start":{"line":61,"column":0},"end":{"line":61,"column":10}},"61":{"start":{"line":62,"column":0},"end":{"line":62,"column":51}},"62":{"start":{"line":63,"column":0},"end":{"line":63,"column":21}},"63":{"start":{"line":64,"column":0},"end":{"line":64,"column":21}},"64":{"start":{"line":65,"column":0},"end":{"line":65,"column":25}},"65":{"start":{"line":66,"column":0},"end":{"line":66,"column":17}},"66":{"start":{"line":67,"column":0},"end":{"line":67,"column":26}},"67":{"start":{"line":68,"column":0},"end":{"line":68,"column":26}},"68":{"start":{"line":69,"column":0},"end":{"line":69,"column":4}},"69":{"start":{"line":70,"column":0},"end":{"line":70,"column":0}},"70":{"start":{"line":71,"column":0},"end":{"line":71,"column":10}},"71":{"start":{"line":72,"column":0},"end":{"line":72,"column":10}},"72":{"start":{"line":73,"column":0},"end":{"line":73,"column":14}},"73":{"start":{"line":74,"column":0},"end":{"line":74,"column":29}},"74":{"start":{"line":75,"column":0},"end":{"line":75,"column":17}},"75":{"start":{"line":76,"column":0},"end":{"line":76,"column":26}},"76":{"start":{"line":77,"column":0},"end":{"line":77,"column":26}},"77":{"start":{"line":78,"column":0},"end":{"line":78,"column":4}},"78":{"start":{"line":79,"column":0},"end":{"line":79,"column":0}},"79":{"start":{"line":80,"column":0},"end":{"line":80,"column":11}},"80":{"start":{"line":81,"column":0},"end":{"line":81,"column":10}},"81":{"start":{"line":82,"column":0},"end":{"line":82,"column":16}},"82":{"start":{"line":83,"column":0},"end":{"line":83,"column":23}},"83":{"start":{"line":84,"column":0},"end":{"line":84,"column":21}},"84":{"start":{"line":85,"column":0},"end":{"line":85,"column":25}},"85":{"start":{"line":86,"column":0},"end":{"line":86,"column":24}},"86":{"start":{"line":87,"column":0},"end":{"line":87,"column":19}},"87":{"start":{"line":88,"column":0},"end":{"line":88,"column":26}},"88":{"start":{"line":89,"column":0},"end":{"line":89,"column":28}},"89":{"start":{"line":90,"column":0},"end":{"line":90,"column":30}},"90":{"start":{"line":91,"column":0},"end":{"line":91,"column":26}},"91":{"start":{"line":92,"column":0},"end":{"line":92,"column":26}},"92":{"start":{"line":93,"column":0},"end":{"line":93,"column":4}},"93":{"start":{"line":94,"column":0},"end":{"line":94,"column":0}},"94":{"start":{"line":95,"column":0},"end":{"line":95,"column":12}},"95":{"start":{"line":96,"column":0},"end":{"line":96,"column":10}},"96":{"start":{"line":97,"column":0},"end":{"line":97,"column":17}},"97":{"start":{"line":98,"column":0},"end":{"line":98,"column":15}},"98":{"start":{"line":99,"column":0},"end":{"line":99,"column":12}},"99":{"start":{"line":100,"column":0},"end":{"line":100,"column":15}},"100":{"start":{"line":101,"column":0},"end":{"line":101,"column":15}},"101":{"start":{"line":102,"column":0},"end":{"line":102,"column":17}},"102":{"start":{"line":103,"column":0},"end":{"line":103,"column":27}},"103":{"start":{"line":104,"column":0},"end":{"line":104,"column":29}},"104":{"start":{"line":105,"column":0},"end":{"line":105,"column":23}},"105":{"start":{"line":106,"column":0},"end":{"line":106,"column":31}},"106":{"start":{"line":107,"column":0},"end":{"line":107,"column":26}},"107":{"start":{"line":108,"column":0},"end":{"line":108,"column":26}},"108":{"start":{"line":109,"column":0},"end":{"line":109,"column":4}},"109":{"start":{"line":110,"column":0},"end":{"line":110,"column":0}},"110":{"start":{"line":111,"column":0},"end":{"line":111,"column":11}},"111":{"start":{"line":112,"column":0},"end":{"line":112,"column":10}},"112":{"start":{"line":113,"column":0},"end":{"line":113,"column":18}},"113":{"start":{"line":114,"column":0},"end":{"line":114,"column":26}},"114":{"start":{"line":115,"column":0},"end":{"line":115,"column":26}},"115":{"start":{"line":116,"column":0},"end":{"line":116,"column":4}},"116":{"start":{"line":117,"column":0},"end":{"line":117,"column":0}},"117":{"start":{"line":118,"column":0},"end":{"line":118,"column":13}},"118":{"start":{"line":119,"column":0},"end":{"line":119,"column":10}},"119":{"start":{"line":120,"column":0},"end":{"line":120,"column":17}},"120":{"start":{"line":121,"column":0},"end":{"line":121,"column":15}},"121":{"start":{"line":122,"column":0},"end":{"line":122,"column":26}},"122":{"start":{"line":123,"column":0},"end":{"line":123,"column":26}},"123":{"start":{"line":124,"column":0},"end":{"line":124,"column":4}},"124":{"start":{"line":125,"column":0},"end":{"line":125,"column":0}},"125":{"start":{"line":126,"column":0},"end":{"line":126,"column":17}},"126":{"start":{"line":127,"column":0},"end":{"line":127,"column":10}},"127":{"start":{"line":128,"column":0},"end":{"line":128,"column":24}},"128":{"start":{"line":129,"column":0},"end":{"line":129,"column":15}},"129":{"start":{"line":130,"column":0},"end":{"line":130,"column":26}},"130":{"start":{"line":131,"column":0},"end":{"line":131,"column":26}},"131":{"start":{"line":132,"column":0},"end":{"line":132,"column":4}},"132":{"start":{"line":133,"column":0},"end":{"line":133,"column":2}},"133":{"start":{"line":134,"column":0},"end":{"line":134,"column":0}},"134":{"start":{"line":135,"column":0},"end":{"line":135,"column":22}}},"s":{"0":1,"1":1,"2":1,"3":1,"4":1,"5":1,"6":1,"7":1,"8":1,"9":1,"10":1,"11":1,"12":1,"13":1,"14":1,"15":1,"16":1,"17":1,"18":1,"19":1,"20":1,"21":1,"22":1,"23":1,"24":1,"25":1,"26":1,"27":1,"28":1,"29":1,"30":1,"31":1,"32":1,"33":1,"34":1,"35":1,"36":1,"37":1,"38":1,"39":1,"40":1,"41":1,"42":1,"43":1,"44":1,"45":1,"46":1,"47":1,"48":1,"49":1,"50":1,"51":1,"52":1,"53":1,"54":1,"55":1,"56":1,"57":1,"58":1,"59":1,"60":1,"61":1,"62":1,"63":1,"64":1,"65":1,"66":1,"67":1,"68":1,"69":1,"70":1,"71":1,"72":1,"73":1,"74":1,"75":1,"76":1,"77":1,"78":1,"79":1,"80":1,"81":1,"82":1,"83":1,"84":1,"85":1,"86":1,"87":1,"88":1,"89":1,"90":1,"91":1,"92":1,"93":1,"94":1,"95":1,"96":1,"97":1,"98":1,"99":1,"100":1,"101":1,"102":1,"103":1,"104":1,"105":1,"106":1,"107":1,"108":1,"109":1,"110":1,"111":1,"112":1,"113":1,"114":1,"115":1,"116":1,"117":1,"118":1,"119":1,"120":1,"121":1,"122":1,"123":1,"124":1,"125":1,"126":1,"127":1,"128":1,"129":1,"130":1,"131":1,"132":1,"133":1,"134":1},"branchMap":{},"b":{},"fnMap":{},"f":{}}
}
