TN:
SF:app\controllers\index.js
FNF:0
FNH:0
DA:1,1
DA:2,1
DA:3,1
DA:4,1
DA:5,1
DA:6,1
DA:7,1
DA:8,1
DA:9,1
DA:10,1
LF:10
LH:10
BRF:0
BRH:0
end_of_record
TN:
SF:app\controllers\api\index.js
FNF:0
FNH:0
DA:1,1
DA:2,1
DA:3,1
DA:4,1
DA:5,1
DA:6,1
DA:7,1
DA:8,1
DA:9,1
DA:10,1
DA:11,1
DA:12,1
LF:12
LH:12
BRF:0
BRH:0
end_of_record
TN:
SF:app\controllers\api\main.js
FN:7,onLost
FN:14,onError
FNF:2
FNH:0
FNDA:0,onLost
FNDA:0,onError
DA:1,1
DA:2,1
DA:3,1
DA:4,1
DA:5,1
DA:6,1
DA:7,1
DA:8,0
DA:9,0
DA:10,0
DA:11,0
DA:12,1
DA:13,1
DA:14,1
DA:15,0
DA:16,0
DA:17,0
DA:18,0
DA:19,0
DA:20,0
DA:21,0
DA:22,0
DA:23,1
LF:23
LH:11
BRF:0
BRH:0
end_of_record
TN:
SF:app\controllers\api\v1\UserController.js
FN:14,createTokenGoogle
FN:24,encryptPassword
FN:45,checkPassword
FN:66,createToken
FN:71,UserController
FN:75,<instance_members_initializer>
FN:75,listUser
FN:91,listMember
FN:107,listAdmin
FN:123,register
FN:161,createAdmin
FN:199,updateUser
FN:234,updateProfileUser
FN:282,deleteUser
FN:307,login
FN:355,whoAmI
FN:359,authorize
FN:379,verifyRoles
FN:401,authorizeUser
FN:405,authorizeAdmin
FN:409,authorizeSuperAdmin
FN:413,handleGoogleLoginOrRegister
FNF:22
FNH:21
FNDA:1,createTokenGoogle
FNDA:3,encryptPassword
FNDA:2,checkPassword
FNDA:2,createToken
FNDA:34,UserController
FNDA:34,<instance_members_initializer>
FNDA:2,listUser
FNDA:4,listMember
FNDA:0,listAdmin
FNDA:1,register
FNDA:1,createAdmin
FNDA:1,updateUser
FNDA:1,updateProfileUser
FNDA:3,deleteUser
FNDA:3,login
FNDA:1,whoAmI
FNDA:1,authorize
FNDA:15,verifyRoles
FNDA:4,authorizeUser
FNDA:4,authorizeAdmin
FNDA:4,authorizeSuperAdmin
FNDA:1,handleGoogleLoginOrRegister
DA:1,1
DA:2,1
DA:3,1
DA:4,1
DA:5,1
DA:6,1
DA:7,1
DA:8,1
DA:9,1
DA:10,1
DA:11,1
DA:12,1
DA:13,1
DA:14,1
DA:15,1
DA:16,1
DA:17,1
DA:18,1
DA:19,1
DA:20,1
DA:21,1
DA:22,1
DA:23,1
DA:24,3
DA:25,3
DA:26,3
DA:27,3
DA:28,3
DA:29,0
DA:30,0
DA:31,0
DA:32,3
DA:33,3
DA:34,3
DA:35,3
DA:36,3
DA:37,0
DA:38,0
DA:39,0
DA:40,0
DA:41,0
DA:42,3
DA:43,1
DA:44,1
DA:45,2
DA:46,2
DA:47,2
DA:48,2
DA:49,2
DA:50,0
DA:51,0
DA:52,0
DA:53,2
DA:54,2
DA:55,2
DA:56,2
DA:57,2
DA:58,0
DA:59,0
DA:60,0
DA:61,0
DA:62,0
DA:63,2
DA:64,1
DA:65,1
DA:66,2
DA:67,2
DA:68,2
DA:69,1
DA:70,1
DA:71,1
DA:72,34
DA:73,34
DA:74,1
DA:75,1
DA:76,2
DA:77,2
DA:78,1
DA:79,1
DA:80,1
DA:81,1
DA:82,1
DA:83,1
DA:84,1
DA:85,1
DA:86,1
DA:87,1
DA:88,1
DA:89,34
DA:90,34
DA:91,34
DA:92,4
DA:93,4
DA:94,2
DA:95,2
DA:96,2
DA:97,2
DA:98,2
DA:99,2
DA:100,2
DA:101,2
DA:102,2
DA:103,2
DA:104,2
DA:105,34
DA:106,34
DA:107,34
DA:108,0
DA:109,0
DA:110,0
DA:111,0
DA:112,0
DA:113,0
DA:114,0
DA:115,0
DA:116,0
DA:117,0
DA:118,0
DA:119,0
DA:120,0
DA:121,34
DA:122,34
DA:123,34
DA:124,1
DA:125,1
DA:126,1
DA:127,1
DA:128,1
DA:129,1
DA:130,1
DA:131,1
DA:132,1
DA:133,1
DA:134,1
DA:135,1
DA:136,1
DA:137,1
DA:138,1
DA:139,1
DA:140,1
DA:141,1
DA:142,1
DA:143,1
DA:144,1
DA:145,1
DA:146,1
DA:147,1
DA:148,1
DA:149,1
DA:150,1
DA:151,1
DA:152,1
DA:153,1
DA:154,0
DA:155,0
DA:156,0
DA:157,0
DA:158,0
DA:159,34
DA:160,34
DA:161,34
DA:162,1
DA:163,1
DA:164,1
DA:165,1
DA:166,1
DA:167,1
DA:168,1
DA:169,1
DA:170,1
DA:171,1
DA:172,1
DA:173,1
DA:174,1
DA:175,1
DA:176,1
DA:177,1
DA:178,1
DA:179,1
DA:180,1
DA:181,1
DA:182,1
DA:183,1
DA:184,1
DA:185,1
DA:186,1
DA:187,1
DA:188,1
DA:189,1
DA:190,1
DA:191,1
DA:192,0
DA:193,0
DA:194,0
DA:195,0
DA:196,0
DA:197,34
DA:198,34
DA:199,34
DA:200,1
DA:201,1
DA:202,1
DA:203,1
DA:204,1
DA:205,1
DA:206,1
DA:207,1
DA:208,1
DA:209,0
DA:210,1
DA:211,1
DA:212,1
DA:213,1
DA:214,1
DA:215,1
DA:216,1
DA:217,1
DA:218,1
DA:219,1
DA:220,1
DA:221,1
DA:222,1
DA:223,1
DA:224,1
DA:225,1
DA:226,1
DA:227,0
DA:228,0
DA:229,0
DA:230,0
DA:231,0
DA:232,34
DA:233,34
DA:234,34
DA:235,1
DA:236,1
DA:237,1
DA:238,0
DA:239,0
DA:240,0
DA:241,1
DA:242,1
DA:243,1
DA:244,1
DA:245,1
DA:246,1
DA:247,1
DA:248,1
DA:249,1
DA:250,1
DA:251,1
DA:252,1
DA:253,1
DA:254,1
DA:255,1
DA:256,1
DA:257,0
DA:258,0
DA:259,0
DA:260,0
DA:261,0
DA:262,0
DA:263,0
DA:264,0
DA:265,0
DA:266,0
DA:267,0
DA:268,0
DA:269,0
DA:270,0
DA:271,0
DA:272,0
DA:273,1
DA:274,1
DA:275,0
DA:276,0
DA:277,0
DA:278,0
DA:279,0
DA:280,34
DA:281,34
DA:282,34
DA:283,3
DA:284,3
DA:285,3
DA:286,3
DA:287,3
DA:288,3
DA:289,2
DA:290,2
DA:291,3
DA:292,1
DA:293,1
DA:294,1
DA:295,1
DA:296,1
DA:297,1
DA:298,1
DA:299,1
DA:300,1
DA:301,1
DA:302,1
DA:303,1
DA:304,1
DA:305,34
DA:306,34
DA:307,34
DA:308,3
DA:309,3
DA:310,3
DA:311,3
DA:312,3
DA:313,3
DA:314,3
DA:315,3
DA:316,3
DA:317,3
DA:318,1
DA:319,1
DA:320,1
DA:321,2
DA:322,2
DA:323,2
DA:324,2
DA:325,3
DA:326,1
DA:327,1
DA:328,1
DA:329,1
DA:330,1
DA:331,1
DA:332,1
DA:333,1
DA:334,1
DA:335,1
DA:336,1
DA:337,1
DA:338,1
DA:339,1
DA:340,1
DA:341,1
DA:342,1
DA:343,1
DA:344,1
DA:345,1
DA:346,1
DA:347,1
DA:348,3
DA:349,0
DA:350,0
DA:351,0
DA:352,0
DA:353,34
DA:354,34
DA:355,34
DA:356,1
DA:357,34
DA:358,34
DA:359,34
DA:360,1
DA:361,1
DA:362,1
DA:363,1
DA:364,1
DA:365,1
DA:366,1
DA:367,1
DA:368,1
DA:369,1
DA:370,1
DA:371,1
DA:372,1
DA:373,0
DA:374,0
DA:375,0
DA:376,0
DA:377,34
DA:378,34
DA:379,34
DA:380,15
DA:381,15
DA:382,15
DA:383,15
DA:384,4
DA:385,4
DA:386,4
DA:387,11
DA:388,11
DA:389,15
DA:390,4
DA:391,4
DA:392,4
DA:393,7
DA:394,15
DA:395,0
DA:396,0
DA:397,0
DA:398,0
DA:399,34
DA:400,34
DA:401,34
DA:402,4
DA:403,34
DA:404,34
DA:405,34
DA:406,4
DA:407,34
DA:408,34
DA:409,34
DA:410,4
DA:411,34
DA:412,34
DA:413,34
DA:414,1
DA:415,1
DA:416,1
DA:417,1
DA:418,1
DA:419,1
DA:420,1
DA:421,1
DA:422,1
DA:423,1
DA:424,1
DA:425,1
DA:426,1
DA:427,1
DA:428,1
DA:429,1
DA:430,1
DA:431,1
DA:432,1
DA:433,1
DA:434,1
DA:435,0
DA:436,0
DA:437,1
DA:438,1
DA:439,1
DA:440,1
LF:440
LH:357
BRDA:14,0,0,1
BRDA:24,1,0,3
BRDA:36,2,0,0
BRDA:26,3,0,3
BRDA:27,4,0,3
BRDA:28,5,0,0
BRDA:45,6,0,2
BRDA:57,7,0,0
BRDA:47,8,0,2
BRDA:48,9,0,2
BRDA:49,10,0,0
BRDA:66,11,0,2
BRDA:71,12,0,34
BRDA:75,13,0,34
BRDA:75,14,0,2
BRDA:77,15,0,1
BRDA:91,16,0,4
BRDA:93,17,0,2
BRDA:123,18,0,1
BRDA:153,19,0,0
BRDA:161,20,0,1
BRDA:191,21,0,0
BRDA:199,22,0,1
BRDA:209,23,0,0
BRDA:226,24,0,0
BRDA:234,25,0,1
BRDA:237,26,0,0
BRDA:274,27,0,0
BRDA:249,28,0,1
BRDA:256,29,0,0
BRDA:282,30,0,3
BRDA:288,31,0,2
BRDA:291,32,0,1
BRDA:307,33,0,3
BRDA:317,34,0,1
BRDA:320,35,0,2
BRDA:325,36,0,1
BRDA:348,37,0,0
BRDA:355,38,0,1
BRDA:359,39,0,1
BRDA:372,40,0,0
BRDA:379,41,0,15
BRDA:383,42,0,4
BRDA:386,43,0,11
BRDA:389,44,0,4
BRDA:392,45,0,7
BRDA:394,46,0,0
BRDA:401,47,0,4
BRDA:405,48,0,4
BRDA:409,49,0,4
BRDA:413,50,0,1
BRDA:434,51,0,0
BRF:52
BRH:37
end_of_record
TN:
SF:app\controllers\api\v1\airportController.js
FN:2,airportController
FN:6,<instance_members_initializer>
FN:6,list
FN:22,showById
FN:42,create
FN:70,update
FN:95,destroy
FNF:7
FNH:7
FNDA:13,airportController
FNDA:13,<instance_members_initializer>
FNDA:2,list
FNDA:3,showById
FNDA:2,create
FNDA:3,update
FNDA:3,destroy
DA:1,1
DA:2,1
DA:3,13
DA:4,13
DA:5,1
DA:6,1
DA:7,2
DA:8,2
DA:9,1
DA:10,1
DA:11,1
DA:12,1
DA:13,1
DA:14,1
DA:15,1
DA:16,1
DA:17,1
DA:18,1
DA:19,1
DA:20,13
DA:21,13
DA:22,13
DA:23,3
DA:24,3
DA:25,2
DA:26,3
DA:27,1
DA:28,1
DA:29,1
DA:30,1
DA:31,1
DA:32,1
DA:33,1
DA:34,1
DA:35,1
DA:36,1
DA:37,1
DA:38,1
DA:39,1
DA:40,13
DA:41,13
DA:42,13
DA:43,2
DA:44,2
DA:45,2
DA:46,2
DA:47,2
DA:48,2
DA:49,2
DA:50,2
DA:51,2
DA:52,2
DA:53,2
DA:54,2
DA:55,2
DA:56,2
DA:57,2
DA:58,1
DA:59,1
DA:60,1
DA:61,1
DA:62,1
DA:63,1
DA:64,1
DA:65,1
DA:66,1
DA:67,1
DA:68,13
DA:69,13
DA:70,13
DA:71,3
DA:72,3
DA:73,3
DA:74,3
DA:75,3
DA:76,3
DA:77,3
DA:78,3
DA:79,3
DA:80,3
DA:81,1
DA:82,1
DA:83,1
DA:84,1
DA:85,1
DA:86,1
DA:87,1
DA:88,1
DA:89,1
DA:90,1
DA:91,1
DA:92,1
DA:93,13
DA:94,13
DA:95,13
DA:96,3
DA:97,3
DA:98,2
DA:99,3
DA:100,1
DA:101,1
DA:102,1
DA:103,1
DA:104,1
DA:105,1
DA:106,1
DA:107,1
DA:108,1
DA:109,1
DA:110,1
DA:111,1
DA:112,1
DA:113,1
DA:114,1
DA:115,1
DA:116,1
DA:117,1
DA:118,1
DA:119,1
DA:120,1
DA:121,1
DA:122,1
DA:123,1
DA:124,1
DA:125,1
DA:126,1
DA:127,1
DA:128,1
DA:129,1
DA:130,1
DA:131,1
DA:132,1
DA:133,1
DA:134,1
DA:135,1
DA:136,1
DA:137,1
DA:138,1
DA:139,1
DA:140,1
DA:141,1
DA:142,1
DA:143,1
DA:144,1
DA:145,1
DA:146,1
DA:147,1
DA:148,1
DA:149,1
DA:150,1
DA:151,1
DA:152,1
DA:153,1
DA:154,1
DA:155,1
DA:156,1
DA:157,1
DA:158,1
DA:159,1
DA:160,1
DA:161,1
DA:162,1
DA:163,1
DA:164,1
DA:165,1
DA:166,1
DA:167,1
DA:168,1
DA:169,1
DA:170,1
DA:171,1
DA:172,1
DA:173,1
DA:174,1
DA:175,1
DA:176,1
DA:177,1
DA:178,1
DA:179,1
DA:180,1
DA:181,1
DA:182,1
DA:183,1
DA:184,1
DA:185,1
DA:186,1
DA:187,1
DA:188,1
DA:189,1
DA:190,1
DA:191,1
DA:192,1
DA:193,1
DA:194,1
DA:195,1
DA:196,1
DA:197,1
DA:198,1
DA:199,1
DA:200,1
DA:201,1
DA:202,1
DA:203,1
DA:204,1
DA:205,1
DA:206,1
DA:207,1
DA:208,1
DA:209,1
DA:210,1
DA:211,1
DA:212,1
DA:213,1
DA:214,1
DA:215,1
DA:216,1
DA:217,1
DA:218,1
DA:219,1
LF:219
LH:219
BRDA:2,0,0,13
BRDA:6,1,0,13
BRDA:6,2,0,2
BRDA:8,3,0,1
BRDA:22,4,0,3
BRDA:24,5,0,2
BRDA:26,6,0,1
BRDA:42,7,0,2
BRDA:57,8,0,1
BRDA:70,9,0,3
BRDA:79,10,0,2
BRDA:80,11,0,1
BRDA:95,12,0,3
BRDA:97,13,0,2
BRDA:99,14,0,1
BRF:15
BRH:15
end_of_record
TN:
SF:app\controllers\api\v1\bookingController.js
FN:4,bookingController
FN:8,<instance_members_initializer>
FN:8,list
FN:24,showById
FN:44,create
FN:84,updateConfirmation
FN:132,update
FN:162,destroy
FNF:8
FNH:8
FNDA:14,bookingController
FNDA:14,<instance_members_initializer>
FNDA:2,list
FNDA:3,showById
FNDA:2,create
FNDA:1,updateConfirmation
FNDA:3,update
FNDA:3,destroy
DA:1,1
DA:2,1
DA:3,1
DA:4,1
DA:5,14
DA:6,14
DA:7,1
DA:8,1
DA:9,2
DA:10,2
DA:11,1
DA:12,1
DA:13,1
DA:14,1
DA:15,1
DA:16,1
DA:17,1
DA:18,1
DA:19,1
DA:20,1
DA:21,1
DA:22,14
DA:23,14
DA:24,14
DA:25,3
DA:26,3
DA:27,2
DA:28,3
DA:29,1
DA:30,1
DA:31,1
DA:32,1
DA:33,1
DA:34,1
DA:35,1
DA:36,1
DA:37,1
DA:38,1
DA:39,1
DA:40,1
DA:41,1
DA:42,14
DA:43,14
DA:44,14
DA:45,2
DA:46,2
DA:47,2
DA:48,2
DA:49,2
DA:50,2
DA:51,2
DA:52,2
DA:53,2
DA:54,2
DA:55,2
DA:56,2
DA:57,2
DA:58,2
DA:59,2
DA:60,2
DA:61,2
DA:62,2
DA:63,2
DA:64,2
DA:65,2
DA:66,2
DA:67,2
DA:68,2
DA:69,2
DA:70,2
DA:71,2
DA:72,1
DA:73,1
DA:74,1
DA:75,1
DA:76,1
DA:77,1
DA:78,1
DA:79,1
DA:80,1
DA:81,1
DA:82,14
DA:83,14
DA:84,14
DA:85,1
DA:86,1
DA:87,0
DA:88,0
DA:89,0
DA:90,0
DA:91,0
DA:92,0
DA:93,0
DA:94,0
DA:95,0
DA:96,0
DA:97,0
DA:98,0
DA:99,0
DA:100,0
DA:101,0
DA:102,0
DA:103,0
DA:104,0
DA:105,0
DA:106,0
DA:107,0
DA:108,0
DA:109,0
DA:110,0
DA:111,0
DA:112,0
DA:113,0
DA:114,0
DA:115,0
DA:116,0
DA:117,0
DA:118,0
DA:119,0
DA:120,0
DA:121,0
DA:122,0
DA:123,0
DA:124,1
DA:125,1
DA:126,1
DA:127,1
DA:128,1
DA:129,1
DA:130,14
DA:131,14
DA:132,14
DA:133,3
DA:134,3
DA:135,3
DA:136,3
DA:137,3
DA:138,3
DA:139,3
DA:140,3
DA:141,3
DA:142,3
DA:143,3
DA:144,3
DA:145,3
DA:146,3
DA:147,3
DA:148,1
DA:149,1
DA:150,1
DA:151,1
DA:152,1
DA:153,1
DA:154,1
DA:155,1
DA:156,1
DA:157,1
DA:158,1
DA:159,1
DA:160,14
DA:161,14
DA:162,14
DA:163,3
DA:164,3
DA:165,2
DA:166,3
DA:167,1
DA:168,1
DA:169,1
DA:170,1
DA:171,1
DA:172,1
DA:173,1
DA:174,1
DA:175,1
DA:176,1
DA:177,1
DA:178,1
DA:179,1
DA:180,1
DA:181,1
DA:182,1
DA:183,1
LF:183
LH:146
BRDA:4,0,0,14
BRDA:8,1,0,14
BRDA:8,2,0,2
BRDA:10,3,0,1
BRDA:24,4,0,3
BRDA:26,5,0,2
BRDA:28,6,0,1
BRDA:44,7,0,2
BRDA:71,8,0,1
BRDA:84,9,0,1
BRDA:86,10,0,0
BRDA:132,11,0,3
BRDA:146,12,0,2
BRDA:147,13,0,1
BRDA:162,14,0,3
BRDA:164,15,0,2
BRDA:166,16,0,1
BRF:17
BRH:16
end_of_record
TN:
SF:app\controllers\api\v1\flightController.js
FN:2,flightController
FN:6,<instance_members_initializer>
FN:6,list
FN:22,showById
FN:42,create
FN:76,update
FN:104,destroy
FNF:7
FNH:7
FNDA:13,flightController
FNDA:13,<instance_members_initializer>
FNDA:2,list
FNDA:3,showById
FNDA:2,create
FNDA:3,update
FNDA:3,destroy
DA:1,1
DA:2,1
DA:3,13
DA:4,13
DA:5,1
DA:6,1
DA:7,2
DA:8,2
DA:9,1
DA:10,1
DA:11,1
DA:12,1
DA:13,1
DA:14,1
DA:15,1
DA:16,1
DA:17,1
DA:18,1
DA:19,1
DA:20,13
DA:21,13
DA:22,13
DA:23,3
DA:24,3
DA:25,2
DA:26,3
DA:27,1
DA:28,1
DA:29,1
DA:30,1
DA:31,1
DA:32,1
DA:33,1
DA:34,1
DA:35,1
DA:36,1
DA:37,1
DA:38,1
DA:39,1
DA:40,13
DA:41,13
DA:42,13
DA:43,2
DA:44,2
DA:45,2
DA:46,2
DA:47,2
DA:48,2
DA:49,2
DA:50,2
DA:51,2
DA:52,2
DA:53,2
DA:54,2
DA:55,2
DA:56,2
DA:57,2
DA:58,2
DA:59,2
DA:60,2
DA:61,2
DA:62,2
DA:63,2
DA:64,1
DA:65,1
DA:66,1
DA:67,1
DA:68,1
DA:69,1
DA:70,1
DA:71,1
DA:72,1
DA:73,1
DA:74,13
DA:75,13
DA:76,13
DA:77,3
DA:78,3
DA:79,3
DA:80,3
DA:81,3
DA:82,3
DA:83,3
DA:84,3
DA:85,3
DA:86,3
DA:87,3
DA:88,3
DA:89,3
DA:90,1
DA:91,1
DA:92,1
DA:93,1
DA:94,1
DA:95,1
DA:96,1
DA:97,1
DA:98,1
DA:99,1
DA:100,1
DA:101,1
DA:102,13
DA:103,13
DA:104,13
DA:105,3
DA:106,3
DA:107,2
DA:108,3
DA:109,1
DA:110,1
DA:111,1
DA:112,1
DA:113,1
DA:114,1
DA:115,1
DA:116,1
DA:117,1
DA:118,1
DA:119,1
DA:120,1
DA:121,1
DA:122,1
DA:123,1
DA:124,1
DA:125,1
LF:125
LH:125
BRDA:2,0,0,13
BRDA:6,1,0,13
BRDA:6,2,0,2
BRDA:8,3,0,1
BRDA:22,4,0,3
BRDA:24,5,0,2
BRDA:26,6,0,1
BRDA:42,7,0,2
BRDA:63,8,0,1
BRDA:76,9,0,3
BRDA:88,10,0,2
BRDA:89,11,0,1
BRDA:104,12,0,3
BRDA:106,13,0,2
BRDA:108,14,0,1
BRF:15
BRH:15
end_of_record
TN:
SF:app\controllers\api\v1\index.js
FNF:0
FNH:0
DA:1,1
DA:2,1
DA:3,1
DA:4,1
DA:5,1
DA:6,1
DA:7,1
DA:8,1
DA:9,1
DA:10,1
DA:11,1
DA:12,1
DA:13,1
DA:14,1
DA:15,1
DA:16,1
DA:17,1
DA:18,1
DA:19,1
DA:20,1
DA:21,1
DA:22,1
DA:23,1
DA:24,1
DA:25,1
DA:26,1
DA:27,1
LF:27
LH:27
BRF:0
BRH:0
end_of_record
TN:
SF:app\controllers\api\v1\notificationController.js
FN:2,notificationController
FN:6,<instance_members_initializer>
FN:6,list
FN:22,showById
FN:45,create
FN:65,update
FN:89,destroy
FNF:7
FNH:7
FNDA:13,notificationController
FNDA:13,<instance_members_initializer>
FNDA:2,list
FNDA:3,showById
FNDA:2,create
FNDA:3,update
FNDA:3,destroy
DA:1,1
DA:2,1
DA:3,13
DA:4,13
DA:5,1
DA:6,1
DA:7,2
DA:8,2
DA:9,1
DA:10,1
DA:11,1
DA:12,1
DA:13,1
DA:14,1
DA:15,1
DA:16,1
DA:17,1
DA:18,1
DA:19,1
DA:20,13
DA:21,13
DA:22,13
DA:23,3
DA:24,3
DA:25,3
DA:26,3
DA:27,2
DA:28,3
DA:29,1
DA:30,1
DA:31,1
DA:32,1
DA:33,1
DA:34,1
DA:35,1
DA:36,1
DA:37,1
DA:38,1
DA:39,1
DA:40,1
DA:41,1
DA:42,1
DA:43,13
DA:44,13
DA:45,13
DA:46,2
DA:47,2
DA:48,2
DA:49,2
DA:50,2
DA:51,2
DA:52,2
DA:53,1
DA:54,1
DA:55,1
DA:56,1
DA:57,1
DA:58,1
DA:59,1
DA:60,1
DA:61,1
DA:62,1
DA:63,13
DA:64,13
DA:65,13
DA:66,3
DA:67,3
DA:68,3
DA:69,3
DA:70,3
DA:71,3
DA:72,3
DA:73,3
DA:74,3
DA:75,1
DA:76,1
DA:77,1
DA:78,1
DA:79,1
DA:80,1
DA:81,1
DA:82,1
DA:83,1
DA:84,1
DA:85,1
DA:86,1
DA:87,13
DA:88,13
DA:89,13
DA:90,3
DA:91,3
DA:92,3
DA:93,3
DA:94,2
DA:95,3
DA:96,1
DA:97,1
DA:98,1
DA:99,1
DA:100,1
DA:101,1
DA:102,1
DA:103,1
DA:104,1
DA:105,1
DA:106,1
DA:107,1
DA:108,1
DA:109,1
DA:110,1
DA:111,1
LF:111
LH:111
BRDA:2,0,0,13
BRDA:6,1,0,13
BRDA:6,2,0,2
BRDA:8,3,0,1
BRDA:22,4,0,3
BRDA:26,5,0,2
BRDA:28,6,0,1
BRDA:45,7,0,2
BRDA:52,8,0,1
BRDA:65,9,0,3
BRDA:73,10,0,2
BRDA:74,11,0,1
BRDA:89,12,0,3
BRDA:93,13,0,2
BRDA:95,14,0,1
BRF:15
BRH:15
end_of_record
TN:
SF:app\controllers\api\v1\planeController.js
FN:2,planeController
FN:6,<instance_members_initializer>
FN:6,list
FN:22,showById
FN:42,create
FN:64,update
FN:86,destroy
FNF:7
FNH:7
FNDA:13,planeController
FNDA:13,<instance_members_initializer>
FNDA:2,list
FNDA:3,showById
FNDA:2,create
FNDA:3,update
FNDA:3,destroy
DA:1,1
DA:2,1
DA:3,13
DA:4,13
DA:5,1
DA:6,1
DA:7,2
DA:8,2
DA:9,1
DA:10,1
DA:11,1
DA:12,1
DA:13,1
DA:14,1
DA:15,1
DA:16,1
DA:17,1
DA:18,1
DA:19,1
DA:20,13
DA:21,13
DA:22,13
DA:23,3
DA:24,3
DA:25,2
DA:26,3
DA:27,1
DA:28,1
DA:29,1
DA:30,1
DA:31,1
DA:32,1
DA:33,1
DA:34,1
DA:35,1
DA:36,1
DA:37,1
DA:38,1
DA:39,1
DA:40,13
DA:41,13
DA:42,13
DA:43,2
DA:44,2
DA:45,2
DA:46,2
DA:47,2
DA:48,2
DA:49,2
DA:50,2
DA:51,2
DA:52,1
DA:53,1
DA:54,1
DA:55,1
DA:56,1
DA:57,1
DA:58,1
DA:59,1
DA:60,1
DA:61,1
DA:62,13
DA:63,13
DA:64,13
DA:65,3
DA:66,3
DA:67,3
DA:68,3
DA:69,3
DA:70,3
DA:71,3
DA:72,1
DA:73,1
DA:74,1
DA:75,1
DA:76,1
DA:77,1
DA:78,1
DA:79,1
DA:80,1
DA:81,1
DA:82,1
DA:83,1
DA:84,13
DA:85,13
DA:86,13
DA:87,3
DA:88,3
DA:89,2
DA:90,3
DA:91,1
DA:92,1
DA:93,1
DA:94,1
DA:95,1
DA:96,1
DA:97,1
DA:98,1
DA:99,1
DA:100,1
DA:101,1
DA:102,1
DA:103,1
DA:104,1
DA:105,1
DA:106,1
DA:107,1
LF:107
LH:107
BRDA:2,0,0,13
BRDA:6,1,0,13
BRDA:6,2,0,2
BRDA:8,3,0,1
BRDA:22,4,0,3
BRDA:24,5,0,2
BRDA:26,6,0,1
BRDA:42,7,0,2
BRDA:51,8,0,1
BRDA:64,9,0,3
BRDA:70,10,0,2
BRDA:71,11,0,1
BRDA:86,12,0,3
BRDA:88,13,0,2
BRDA:90,14,0,1
BRF:15
BRH:15
end_of_record
TN:
SF:app\controllers\api\v1\ticketController.js
FN:2,ticketController
FN:6,<instance_members_initializer>
FN:6,list
FN:22,showById
FN:42,create
FN:60,update
FN:80,destroy
FNF:7
FNH:7
FNDA:13,ticketController
FNDA:13,<instance_members_initializer>
FNDA:2,list
FNDA:3,showById
FNDA:2,create
FNDA:3,update
FNDA:3,destroy
DA:1,1
DA:2,1
DA:3,13
DA:4,13
DA:5,1
DA:6,1
DA:7,2
DA:8,2
DA:9,1
DA:10,1
DA:11,1
DA:12,1
DA:13,1
DA:14,1
DA:15,1
DA:16,1
DA:17,1
DA:18,1
DA:19,1
DA:20,13
DA:21,13
DA:22,13
DA:23,3
DA:24,3
DA:25,2
DA:26,3
DA:27,1
DA:28,1
DA:29,1
DA:30,1
DA:31,1
DA:32,1
DA:33,1
DA:34,1
DA:35,1
DA:36,1
DA:37,1
DA:38,1
DA:39,1
DA:40,13
DA:41,13
DA:42,13
DA:43,2
DA:44,2
DA:45,2
DA:46,2
DA:47,2
DA:48,1
DA:49,1
DA:50,1
DA:51,1
DA:52,1
DA:53,1
DA:54,1
DA:55,1
DA:56,1
DA:57,1
DA:58,13
DA:59,13
DA:60,13
DA:61,3
DA:62,3
DA:63,3
DA:64,3
DA:65,3
DA:66,1
DA:67,1
DA:68,1
DA:69,1
DA:70,1
DA:71,1
DA:72,1
DA:73,1
DA:74,1
DA:75,1
DA:76,1
DA:77,1
DA:78,13
DA:79,13
DA:80,13
DA:81,3
DA:82,3
DA:83,2
DA:84,3
DA:85,1
DA:86,1
DA:87,1
DA:88,1
DA:89,1
DA:90,1
DA:91,1
DA:92,1
DA:93,1
DA:94,1
DA:95,1
DA:96,1
DA:97,1
DA:98,1
DA:99,1
DA:100,1
DA:101,1
LF:101
LH:101
BRDA:2,0,0,13
BRDA:6,1,0,13
BRDA:6,2,0,2
BRDA:8,3,0,1
BRDA:22,4,0,3
BRDA:24,5,0,2
BRDA:26,6,0,1
BRDA:42,7,0,2
BRDA:47,8,0,1
BRDA:60,9,0,3
BRDA:64,10,0,2
BRDA:65,11,0,1
BRDA:80,12,0,3
BRDA:82,13,0,2
BRDA:84,14,0,1
BRF:15
BRH:15
end_of_record
TN:
SF:app\controllers\api\v1\whislistController.js
FN:2,whislistController
FN:6,<instance_members_initializer>
FN:6,list
FN:22,showById
FN:42,create
FN:62,update
FN:83,destroy
FNF:7
FNH:7
FNDA:13,whislistController
FNDA:13,<instance_members_initializer>
FNDA:2,list
FNDA:3,showById
FNDA:2,create
FNDA:3,update
FNDA:3,destroy
DA:1,1
DA:2,1
DA:3,13
DA:4,13
DA:5,1
DA:6,1
DA:7,2
DA:8,2
DA:9,1
DA:10,1
DA:11,1
DA:12,1
DA:13,1
DA:14,1
DA:15,1
DA:16,1
DA:17,1
DA:18,1
DA:19,1
DA:20,13
DA:21,13
DA:22,13
DA:23,3
DA:24,3
DA:25,2
DA:26,3
DA:27,1
DA:28,1
DA:29,1
DA:30,1
DA:31,1
DA:32,1
DA:33,1
DA:34,1
DA:35,1
DA:36,1
DA:37,1
DA:38,1
DA:39,1
DA:40,13
DA:41,13
DA:42,13
DA:43,2
DA:44,2
DA:45,2
DA:46,2
DA:47,2
DA:48,2
DA:49,2
DA:50,1
DA:51,1
DA:52,1
DA:53,1
DA:54,1
DA:55,1
DA:56,1
DA:57,1
DA:58,1
DA:59,1
DA:60,13
DA:61,13
DA:62,13
DA:63,3
DA:64,3
DA:65,3
DA:66,3
DA:67,3
DA:68,3
DA:69,1
DA:70,1
DA:71,1
DA:72,1
DA:73,1
DA:74,1
DA:75,1
DA:76,1
DA:77,1
DA:78,1
DA:79,1
DA:80,1
DA:81,13
DA:82,13
DA:83,13
DA:84,3
DA:85,3
DA:86,2
DA:87,3
DA:88,1
DA:89,1
DA:90,1
DA:91,1
DA:92,1
DA:93,1
DA:94,1
DA:95,1
DA:96,1
DA:97,1
DA:98,1
DA:99,1
DA:100,1
DA:101,1
DA:102,1
DA:103,1
DA:104,1
LF:104
LH:104
BRDA:2,0,0,13
BRDA:6,1,0,13
BRDA:6,2,0,2
BRDA:8,3,0,1
BRDA:22,4,0,3
BRDA:24,5,0,2
BRDA:26,6,0,1
BRDA:42,7,0,2
BRDA:49,8,0,1
BRDA:62,9,0,3
BRDA:67,10,0,2
BRDA:68,11,0,1
BRDA:83,12,0,3
BRDA:85,13,0,2
BRDA:87,14,0,1
BRF:15
BRH:15
end_of_record
TN:
SF:app\models\airport.js
FN:3,Object.<anonymous>.module.exports
FN:10,associate
FNF:2
FNH:2
FNDA:8,Object.<anonymous>.module.exports
FNDA:8,associate
DA:1,1
DA:2,1
DA:3,1
DA:4,8
DA:5,8
DA:6,8
DA:7,8
DA:8,8
DA:9,8
DA:10,8
DA:11,8
DA:12,8
DA:13,8
DA:14,8
DA:15,8
DA:16,8
DA:17,8
DA:18,8
DA:19,8
DA:20,8
DA:21,8
DA:22,8
DA:23,8
DA:24,8
DA:25,8
DA:26,8
DA:27,8
DA:28,8
DA:29,8
DA:30,8
DA:31,8
DA:32,8
DA:33,8
DA:34,8
DA:35,8
DA:36,8
DA:37,8
LF:37
LH:37
BRDA:3,0,0,8
BRDA:10,1,0,8
BRF:2
BRH:2
end_of_record
TN:
SF:app\models\booking.js
FN:5,Object.<anonymous>.module.exports
FN:12,associate
FNF:2
FNH:2
FNDA:8,Object.<anonymous>.module.exports
FNDA:8,associate
DA:1,1
DA:2,1
DA:3,1
DA:4,1
DA:5,1
DA:6,8
DA:7,8
DA:8,8
DA:9,8
DA:10,8
DA:11,8
DA:12,8
DA:13,8
DA:14,8
DA:15,8
DA:16,8
DA:17,8
DA:18,8
DA:19,8
DA:20,8
DA:21,8
DA:22,8
DA:23,8
DA:24,8
DA:25,8
DA:26,8
DA:27,8
DA:28,8
DA:29,8
DA:30,8
DA:31,8
DA:32,8
DA:33,8
DA:34,8
DA:35,8
DA:36,8
DA:37,8
DA:38,8
DA:39,8
DA:40,8
DA:41,8
DA:42,8
DA:43,8
LF:43
LH:43
BRDA:5,0,0,8
BRDA:12,1,0,8
BRF:2
BRH:2
end_of_record
TN:
SF:app\models\flight.js
FN:3,Object.<anonymous>.module.exports
FN:10,associate
FNF:2
FNH:2
FNDA:8,Object.<anonymous>.module.exports
FNDA:8,associate
DA:1,1
DA:2,1
DA:3,1
DA:4,8
DA:5,8
DA:6,8
DA:7,8
DA:8,8
DA:9,8
DA:10,8
DA:11,8
DA:12,8
DA:13,8
DA:14,8
DA:15,8
DA:16,8
DA:17,8
DA:18,8
DA:19,8
DA:20,8
DA:21,8
DA:22,8
DA:23,8
DA:24,8
DA:25,8
DA:26,8
DA:27,8
DA:28,8
DA:29,8
DA:30,8
DA:31,8
DA:32,8
DA:33,8
DA:34,8
DA:35,8
DA:36,8
DA:37,8
DA:38,8
DA:39,8
DA:40,8
DA:41,8
DA:42,8
DA:43,8
DA:44,8
DA:45,8
DA:46,8
LF:46
LH:46
BRDA:3,0,0,8
BRDA:10,1,0,8
BRF:2
BRH:2
end_of_record
TN:
SF:app\models\index.js
FNF:0
FNH:0
DA:1,1
DA:2,1
DA:3,1
DA:4,1
DA:5,1
DA:6,1
DA:7,1
DA:8,1
DA:9,1
DA:10,1
DA:11,1
DA:12,1
DA:13,0
DA:14,1
DA:15,1
DA:16,1
DA:17,1
DA:18,1
DA:19,1
DA:20,1
DA:21,1
DA:22,1
DA:23,1
DA:24,1
DA:25,72
DA:26,72
DA:27,72
DA:28,72
DA:29,1
DA:30,64
DA:31,64
DA:32,64
DA:33,64
DA:34,64
DA:35,1
DA:36,1
DA:37,1
DA:38,64
DA:39,64
DA:40,64
DA:41,1
DA:42,1
DA:43,1
DA:44,1
DA:45,1
DA:46,1
LF:46
LH:45
BRDA:7,0,0,0
BRDA:12,1,0,0
BRDA:24,2,0,72
BRDA:26,3,0,64
BRDA:29,4,0,64
BRDA:37,5,0,64
BRF:6
BRH:4
end_of_record
TN:
SF:app\models\notification.js
FN:5,Object.<anonymous>.module.exports
FN:12,associate
FNF:2
FNH:2
FNDA:8,Object.<anonymous>.module.exports
FNDA:8,associate
DA:1,1
DA:2,1
DA:3,1
DA:4,1
DA:5,1
DA:6,8
DA:7,8
DA:8,8
DA:9,8
DA:10,8
DA:11,8
DA:12,8
DA:13,8
DA:14,8
DA:15,8
DA:16,8
DA:17,8
DA:18,8
DA:19,8
DA:20,8
DA:21,8
DA:22,8
DA:23,8
DA:24,8
DA:25,8
DA:26,8
DA:27,8
LF:27
LH:27
BRDA:5,0,0,8
BRDA:12,1,0,8
BRF:2
BRH:2
end_of_record
TN:
SF:app\models\plane.js
FN:5,Object.<anonymous>.module.exports
FN:12,associate
FNF:2
FNH:2
FNDA:8,Object.<anonymous>.module.exports
FNDA:8,associate
DA:1,1
DA:2,1
DA:3,1
DA:4,1
DA:5,1
DA:6,8
DA:7,8
DA:8,8
DA:9,8
DA:10,8
DA:11,8
DA:12,8
DA:13,8
DA:14,8
DA:15,8
DA:16,8
DA:17,8
DA:18,8
DA:19,8
DA:20,8
DA:21,8
DA:22,8
DA:23,8
DA:24,8
DA:25,8
DA:26,8
DA:27,8
DA:28,8
LF:28
LH:28
BRDA:5,0,0,8
BRDA:12,1,0,8
BRF:2
BRH:2
end_of_record
TN:
SF:app\models\ticket.js
FN:5,Object.<anonymous>.module.exports
FN:12,associate
FNF:2
FNH:2
FNDA:8,Object.<anonymous>.module.exports
FNDA:8,associate
DA:1,1
DA:2,1
DA:3,1
DA:4,1
DA:5,1
DA:6,8
DA:7,8
DA:8,8
DA:9,8
DA:10,8
DA:11,8
DA:12,8
DA:13,8
DA:14,8
DA:15,8
DA:16,8
DA:17,8
DA:18,8
DA:19,8
DA:20,8
DA:21,8
DA:22,8
DA:23,8
DA:24,8
DA:25,8
DA:26,8
LF:26
LH:26
BRDA:5,0,0,8
BRDA:12,1,0,8
BRF:2
BRH:2
end_of_record
TN:
SF:app\models\user.js
FN:5,Object.<anonymous>.module.exports
FN:12,associate
FNF:2
FNH:2
FNDA:8,Object.<anonymous>.module.exports
FNDA:8,associate
DA:1,1
DA:2,1
DA:3,1
DA:4,1
DA:5,1
DA:6,8
DA:7,8
DA:8,8
DA:9,8
DA:10,8
DA:11,8
DA:12,8
DA:13,8
DA:14,8
DA:15,8
DA:16,8
DA:17,8
DA:18,8
DA:19,8
DA:20,8
DA:21,8
DA:22,8
DA:23,8
DA:24,8
DA:25,8
DA:26,8
DA:27,8
DA:28,8
DA:29,8
DA:30,8
DA:31,8
DA:32,8
DA:33,8
DA:34,8
DA:35,8
DA:36,8
DA:37,8
DA:38,8
DA:39,8
DA:40,8
DA:41,8
LF:41
LH:41
BRDA:5,0,0,8
BRDA:12,1,0,8
BRF:2
BRH:2
end_of_record
TN:
SF:app\models\whislist.js
FN:5,Object.<anonymous>.module.exports
FN:12,associate
FNF:2
FNH:2
FNDA:8,Object.<anonymous>.module.exports
FNDA:8,associate
DA:1,1
DA:2,1
DA:3,1
DA:4,1
DA:5,1
DA:6,8
DA:7,8
DA:8,8
DA:9,8
DA:10,8
DA:11,8
DA:12,8
DA:13,8
DA:14,8
DA:15,8
DA:16,8
DA:17,8
DA:18,8
DA:19,8
DA:20,8
DA:21,8
DA:22,8
DA:23,8
DA:24,8
DA:25,8
DA:26,8
DA:27,8
DA:28,8
DA:29,8
DA:30,8
LF:30
LH:30
BRDA:5,0,0,8
BRDA:12,1,0,8
BRF:2
BRH:2
end_of_record
TN:
SF:app\repositories\userRepositories.js
FN:5,create
FN:9,update
FN:17,delete
FN:21,findByPk
FN:25,findOne
FN:29,findAll
FN:33,findByRole
FN:37,getTotalUser
FN:41,getTotalUserByRole
FNF:9
FNH:0
FNDA:0,create
FNDA:0,update
FNDA:0,delete
FNDA:0,findByPk
FNDA:0,findOne
FNDA:0,findAll
FNDA:0,findByRole
FNDA:0,getTotalUser
FNDA:0,getTotalUserByRole
DA:1,1
DA:2,1
DA:3,1
DA:4,1
DA:5,1
DA:6,0
DA:7,1
DA:8,1
DA:9,1
DA:10,0
DA:11,0
DA:12,0
DA:13,0
DA:14,0
DA:15,1
DA:16,1
DA:17,1
DA:18,0
DA:19,1
DA:20,1
DA:21,1
DA:22,0
DA:23,1
DA:24,1
DA:25,1
DA:26,0
DA:27,1
DA:28,1
DA:29,1
DA:30,0
DA:31,1
DA:32,1
DA:33,1
DA:34,0
DA:35,1
DA:36,1
DA:37,1
DA:38,0
DA:39,1
DA:40,1
DA:41,1
DA:42,0
DA:43,0
DA:44,1
LF:44
LH:30
BRF:0
BRH:0
end_of_record
TN:
SF:app\services\userServices.js
FN:4,create
FN:8,update
FN:12,delete
FN:16,list
FN:24,listByRole
FN:32,get
FN:36,findOne
FN:40,findByPk
FNF:8
FNH:0
FNDA:0,create
FNDA:0,update
FNDA:0,delete
FNDA:0,list
FNDA:0,listByRole
FNDA:0,get
FNDA:0,findOne
FNDA:0,findByPk
DA:1,1
DA:2,1
DA:3,1
DA:4,1
DA:5,0
DA:6,1
DA:7,1
DA:8,1
DA:9,0
DA:10,1
DA:11,1
DA:12,1
DA:13,0
DA:14,1
DA:15,1
DA:16,1
DA:17,0
DA:18,0
DA:19,0
DA:20,0
DA:21,0
DA:22,1
DA:23,1
DA:24,1
DA:25,0
DA:26,0
DA:27,0
DA:28,0
DA:29,0
DA:30,1
DA:31,1
DA:32,1
DA:33,0
DA:34,1
DA:35,1
DA:36,1
DA:37,0
DA:38,1
DA:39,1
DA:40,1
DA:41,0
DA:42,0
DA:43,1
LF:43
LH:26
BRF:0
BRH:0
end_of_record
TN:
SF:config\cloudinary.js
FNF:0
FNH:0
DA:1,1
DA:2,1
DA:3,1
DA:4,1
DA:5,1
DA:6,1
DA:7,1
DA:8,1
DA:9,1
DA:10,1
DA:11,1
DA:12,1
DA:13,1
LF:13
LH:13
BRF:0
BRH:0
end_of_record
TN:
SF:config\database.js
FNF:0
FNH:0
DA:1,1
DA:2,1
DA:3,1
DA:4,1
DA:5,1
DA:6,1
DA:7,1
DA:8,1
DA:9,1
DA:10,1
DA:11,1
DA:12,1
DA:13,1
DA:14,1
DA:15,1
DA:16,1
DA:17,1
DA:18,1
DA:19,1
DA:20,1
DA:21,1
DA:22,1
DA:23,1
DA:24,1
DA:25,1
DA:26,1
DA:27,1
DA:28,1
DA:29,1
DA:30,1
DA:31,1
DA:32,1
DA:33,1
DA:34,1
DA:35,1
DA:36,1
DA:37,1
DA:38,1
DA:39,1
DA:40,1
DA:41,1
DA:42,1
DA:43,1
DA:44,1
DA:45,1
DA:46,1
DA:47,1
DA:48,1
DA:49,1
DA:50,1
DA:51,1
DA:52,1
DA:53,1
DA:54,1
DA:55,1
DA:56,1
DA:57,1
DA:58,1
DA:59,1
DA:60,1
DA:61,1
DA:62,1
DA:63,1
DA:64,1
DA:65,1
DA:66,1
DA:67,1
DA:68,1
DA:69,1
DA:70,1
DA:71,1
DA:72,1
DA:73,1
DA:74,1
DA:75,1
DA:76,1
DA:77,1
DA:78,1
DA:79,1
DA:80,1
DA:81,1
DA:82,1
DA:83,1
DA:84,1
DA:85,1
DA:86,1
DA:87,1
DA:88,1
DA:89,1
DA:90,1
DA:91,1
DA:92,1
DA:93,1
LF:93
LH:93
BRF:0
BRH:0
end_of_record
TN:
SF:test\mock.js
FNF:0
FNH:0
DA:1,1
DA:2,1
DA:3,1
DA:4,1
DA:5,1
DA:6,1
DA:7,1
DA:8,1
DA:9,1
DA:10,1
DA:11,1
DA:12,1
DA:13,1
DA:14,1
DA:15,1
DA:16,1
DA:17,1
DA:18,1
DA:19,1
DA:20,1
DA:21,1
DA:22,1
DA:23,1
DA:24,1
DA:25,1
DA:26,1
DA:27,1
DA:28,1
DA:29,1
DA:30,1
DA:31,1
DA:32,1
DA:33,1
DA:34,1
DA:35,1
DA:36,1
DA:37,1
DA:38,1
DA:39,1
DA:40,1
DA:41,1
DA:42,1
DA:43,1
DA:44,1
DA:45,1
DA:46,1
DA:47,1
DA:48,1
DA:49,1
DA:50,1
DA:51,1
DA:52,1
DA:53,1
DA:54,1
DA:55,1
DA:56,1
DA:57,1
DA:58,1
DA:59,1
DA:60,1
DA:61,1
DA:62,1
DA:63,1
DA:64,1
DA:65,1
DA:66,1
DA:67,1
DA:68,1
DA:69,1
DA:70,1
DA:71,1
DA:72,1
DA:73,1
DA:74,1
DA:75,1
DA:76,1
DA:77,1
DA:78,1
DA:79,1
DA:80,1
DA:81,1
DA:82,1
DA:83,1
DA:84,1
DA:85,1
DA:86,1
DA:87,1
DA:88,1
DA:89,1
DA:90,1
DA:91,1
DA:92,1
DA:93,1
DA:94,1
DA:95,1
DA:96,1
DA:97,1
DA:98,1
DA:99,1
DA:100,1
DA:101,1
DA:102,1
DA:103,1
DA:104,1
DA:105,1
DA:106,1
DA:107,1
DA:108,1
DA:109,1
DA:110,1
DA:111,1
DA:112,1
DA:113,1
DA:114,1
DA:115,1
DA:116,1
DA:117,1
DA:118,1
DA:119,1
DA:120,1
DA:121,1
DA:122,1
DA:123,1
DA:124,1
DA:125,1
DA:126,1
DA:127,1
DA:128,1
DA:129,1
DA:130,1
DA:131,1
DA:132,1
DA:133,1
DA:134,1
DA:135,1
DA:136,1
DA:137,1
DA:138,1
LF:138
LH:138
BRF:0
BRH:0
end_of_record
